[0.117s] DEBUG:colcon:Command line arguments: ['/usr/bin/colcon', 'list', '-p', '--base-paths', '/home/thirawat/Mikant/mikant_sim_ws']
[0.117s] DEBUG:colcon:Parsed command line arguments: Namespace(allow_overriding=[], base_paths=['/home/thirawat/Mikant/mikant_sim_ws'], build_base='build', ignore_user_meta=False, log_base=None, log_level=None, main=<bound method ListVerb.main of <colcon_package_information.verb.list.ListVerb object at 0x7f3dd3369e80>>, metas=['./colcon.meta'], names_only=False, packages_above=None, packages_above_and_dependencies=None, packages_above_depth=None, packages_end=None, packages_ignore=None, packages_ignore_regex=None, packages_select=None, packages_select_build_failed=False, packages_select_by_dep=None, packages_select_regex=None, packages_select_test_failures=False, packages_skip=None, packages_skip_build_finished=False, packages_skip_by_dep=None, packages_skip_regex=None, packages_skip_test_passed=False, packages_skip_up_to=None, packages_start=None, packages_up_to=None, packages_up_to_regex=None, paths=None, paths_only=True, topological_graph=False, topological_graph_density=False, topological_graph_dot=False, topological_graph_dot_cluster=False, topological_graph_dot_include_skipped=False, topological_graph_legend=False, topological_order=False, verb_extension=<colcon_package_information.verb.list.ListVerb object at 0x7f3dd3369e80>, verb_name='list', verb_parser=<colcon_defaults.argument_parser.defaults.DefaultArgumentsDecorator object at 0x7f3dd32fd400>)
[0.136s] Level 1:colcon.colcon_core.package_discovery:discover_packages(colcon_meta) check parameters
[0.136s] Level 1:colcon.colcon_core.package_discovery:discover_packages(recursive) check parameters
[0.136s] Level 1:colcon.colcon_core.package_discovery:discover_packages(ignore) check parameters
[0.136s] Level 1:colcon.colcon_core.package_discovery:discover_packages(path) check parameters
[0.136s] Level 1:colcon.colcon_core.package_discovery:discover_packages(recursive) discover
[0.136s] INFO:colcon.colcon_core.package_discovery:Crawling recursively for packages in '/home/thirawat/Mikant/mikant_sim_ws'
[0.136s] Level 1:colcon.colcon_core.package_identification:_identify(/home/thirawat/Mikant/mikant_sim_ws) by extensions ['ignore', 'ignore_ament_install']
[0.137s] Level 1:colcon.colcon_core.package_identification:_identify(/home/thirawat/Mikant/mikant_sim_ws) by extension 'ignore'
[0.137s] Level 1:colcon.colcon_core.package_identification:_identify(/home/thirawat/Mikant/mikant_sim_ws) by extension 'ignore_ament_install'
[0.137s] Level 1:colcon.colcon_core.package_identification:_identify(/home/thirawat/Mikant/mikant_sim_ws) by extensions ['colcon_pkg']
[0.137s] Level 1:colcon.colcon_core.package_identification:_identify(/home/thirawat/Mikant/mikant_sim_ws) by extension 'colcon_pkg'
[0.137s] Level 1:colcon.colcon_core.package_identification:_identify(/home/thirawat/Mikant/mikant_sim_ws) by extensions ['colcon_meta']
[0.137s] Level 1:colcon.colcon_core.package_identification:_identify(/home/thirawat/Mikant/mikant_sim_ws) by extension 'colcon_meta'
[0.137s] Level 1:colcon.colcon_core.package_identification:_identify(/home/thirawat/Mikant/mikant_sim_ws) by extensions ['ros']
[0.137s] Level 1:colcon.colcon_core.package_identification:_identify(/home/thirawat/Mikant/mikant_sim_ws) by extension 'ros'
[0.153s] Level 1:colcon.colcon_core.package_identification:_identify(/home/thirawat/Mikant/mikant_sim_ws) by extensions ['cmake', 'python']
[0.153s] Level 1:colcon.colcon_core.package_identification:_identify(/home/thirawat/Mikant/mikant_sim_ws) by extension 'cmake'
[0.153s] Level 1:colcon.colcon_core.package_identification:_identify(/home/thirawat/Mikant/mikant_sim_ws) by extension 'python'
[0.153s] Level 1:colcon.colcon_core.package_identification:_identify(/home/thirawat/Mikant/mikant_sim_ws) by extensions ['python_setup_py']
[0.153s] Level 1:colcon.colcon_core.package_identification:_identify(/home/thirawat/Mikant/mikant_sim_ws) by extension 'python_setup_py'
[0.153s] Level 1:colcon.colcon_core.package_identification:_identify(/home/thirawat/Mikant/mikant_sim_ws/build) by extensions ['ignore', 'ignore_ament_install']
[0.154s] Level 1:colcon.colcon_core.package_identification:_identify(/home/thirawat/Mikant/mikant_sim_ws/build) by extension 'ignore'
[0.154s] Level 1:colcon.colcon_core.package_identification:_identify(/home/thirawat/Mikant/mikant_sim_ws/build) ignored
[0.154s] Level 1:colcon.colcon_core.package_identification:_identify(/home/thirawat/Mikant/mikant_sim_ws/install) by extensions ['ignore', 'ignore_ament_install']
[0.154s] Level 1:colcon.colcon_core.package_identification:_identify(/home/thirawat/Mikant/mikant_sim_ws/install) by extension 'ignore'
[0.154s] Level 1:colcon.colcon_core.package_identification:_identify(/home/thirawat/Mikant/mikant_sim_ws/install) ignored
[0.154s] Level 1:colcon.colcon_core.package_identification:_identify(/home/thirawat/Mikant/mikant_sim_ws/log) by extensions ['ignore', 'ignore_ament_install']
[0.154s] Level 1:colcon.colcon_core.package_identification:_identify(/home/thirawat/Mikant/mikant_sim_ws/log) by extension 'ignore'
[0.154s] Level 1:colcon.colcon_core.package_identification:_identify(/home/thirawat/Mikant/mikant_sim_ws/log) ignored
[0.154s] Level 1:colcon.colcon_core.package_identification:_identify(/home/thirawat/Mikant/mikant_sim_ws/src) by extensions ['ignore', 'ignore_ament_install']
[0.154s] Level 1:colcon.colcon_core.package_identification:_identify(/home/thirawat/Mikant/mikant_sim_ws/src) by extension 'ignore'
[0.154s] Level 1:colcon.colcon_core.package_identification:_identify(/home/thirawat/Mikant/mikant_sim_ws/src) by extension 'ignore_ament_install'
[0.154s] Level 1:colcon.colcon_core.package_identification:_identify(/home/thirawat/Mikant/mikant_sim_ws/src) by extensions ['colcon_pkg']
[0.154s] Level 1:colcon.colcon_core.package_identification:_identify(/home/thirawat/Mikant/mikant_sim_ws/src) by extension 'colcon_pkg'
[0.154s] Level 1:colcon.colcon_core.package_identification:_identify(/home/thirawat/Mikant/mikant_sim_ws/src) by extensions ['colcon_meta']
[0.154s] Level 1:colcon.colcon_core.package_identification:_identify(/home/thirawat/Mikant/mikant_sim_ws/src) by extension 'colcon_meta'
[0.154s] Level 1:colcon.colcon_core.package_identification:_identify(/home/thirawat/Mikant/mikant_sim_ws/src) by extensions ['ros']
[0.154s] Level 1:colcon.colcon_core.package_identification:_identify(/home/thirawat/Mikant/mikant_sim_ws/src) by extension 'ros'
[0.155s] Level 1:colcon.colcon_core.package_identification:_identify(/home/thirawat/Mikant/mikant_sim_ws/src) by extensions ['cmake', 'python']
[0.155s] Level 1:colcon.colcon_core.package_identification:_identify(/home/thirawat/Mikant/mikant_sim_ws/src) by extension 'cmake'
[0.155s] Level 1:colcon.colcon_core.package_identification:_identify(/home/thirawat/Mikant/mikant_sim_ws/src) by extension 'python'
[0.155s] Level 1:colcon.colcon_core.package_identification:_identify(/home/thirawat/Mikant/mikant_sim_ws/src) by extensions ['python_setup_py']
[0.155s] Level 1:colcon.colcon_core.package_identification:_identify(/home/thirawat/Mikant/mikant_sim_ws/src) by extension 'python_setup_py'
[0.155s] Level 1:colcon.colcon_core.package_identification:_identify(/home/thirawat/Mikant/mikant_sim_ws/src/mikant_description) by extensions ['ignore', 'ignore_ament_install']
[0.155s] Level 1:colcon.colcon_core.package_identification:_identify(/home/thirawat/Mikant/mikant_sim_ws/src/mikant_description) by extension 'ignore'
[0.155s] Level 1:colcon.colcon_core.package_identification:_identify(/home/thirawat/Mikant/mikant_sim_ws/src/mikant_description) by extension 'ignore_ament_install'
[0.155s] Level 1:colcon.colcon_core.package_identification:_identify(/home/thirawat/Mikant/mikant_sim_ws/src/mikant_description) by extensions ['colcon_pkg']
[0.155s] Level 1:colcon.colcon_core.package_identification:_identify(/home/thirawat/Mikant/mikant_sim_ws/src/mikant_description) by extension 'colcon_pkg'
[0.155s] Level 1:colcon.colcon_core.package_identification:_identify(/home/thirawat/Mikant/mikant_sim_ws/src/mikant_description) by extensions ['colcon_meta']
[0.155s] Level 1:colcon.colcon_core.package_identification:_identify(/home/thirawat/Mikant/mikant_sim_ws/src/mikant_description) by extension 'colcon_meta'
[0.155s] Level 1:colcon.colcon_core.package_identification:_identify(/home/thirawat/Mikant/mikant_sim_ws/src/mikant_description) by extensions ['ros']
[0.155s] Level 1:colcon.colcon_core.package_identification:_identify(/home/thirawat/Mikant/mikant_sim_ws/src/mikant_description) by extension 'ros'
[0.157s] DEBUG:colcon.colcon_core.package_identification:Package '/home/thirawat/Mikant/mikant_sim_ws/src/mikant_description' with type 'ros.ament_python' and name 'mikant_description'
[0.157s] Level 1:colcon.colcon_core.package_identification:_identify(/home/thirawat/Mikant/mikant_sim_ws/src/mikant_gazebo_plugins) by extensions ['ignore', 'ignore_ament_install']
[0.157s] Level 1:colcon.colcon_core.package_identification:_identify(/home/thirawat/Mikant/mikant_sim_ws/src/mikant_gazebo_plugins) by extension 'ignore'
[0.157s] Level 1:colcon.colcon_core.package_identification:_identify(/home/thirawat/Mikant/mikant_sim_ws/src/mikant_gazebo_plugins) by extension 'ignore_ament_install'
[0.158s] Level 1:colcon.colcon_core.package_identification:_identify(/home/thirawat/Mikant/mikant_sim_ws/src/mikant_gazebo_plugins) by extensions ['colcon_pkg']
[0.158s] Level 1:colcon.colcon_core.package_identification:_identify(/home/thirawat/Mikant/mikant_sim_ws/src/mikant_gazebo_plugins) by extension 'colcon_pkg'
[0.158s] Level 1:colcon.colcon_core.package_identification:_identify(/home/thirawat/Mikant/mikant_sim_ws/src/mikant_gazebo_plugins) by extensions ['colcon_meta']
[0.158s] Level 1:colcon.colcon_core.package_identification:_identify(/home/thirawat/Mikant/mikant_sim_ws/src/mikant_gazebo_plugins) by extension 'colcon_meta'
[0.158s] Level 1:colcon.colcon_core.package_identification:_identify(/home/thirawat/Mikant/mikant_sim_ws/src/mikant_gazebo_plugins) by extensions ['ros']
[0.158s] Level 1:colcon.colcon_core.package_identification:_identify(/home/thirawat/Mikant/mikant_sim_ws/src/mikant_gazebo_plugins) by extension 'ros'
[0.158s] DEBUG:colcon.colcon_core.package_identification:Package '/home/thirawat/Mikant/mikant_sim_ws/src/mikant_gazebo_plugins' with type 'ros.ament_cmake' and name 'mikant_gazebo_plugins'
[0.158s] Level 1:colcon.colcon_core.package_identification:_identify(/home/thirawat/Mikant/mikant_sim_ws/src/mikant_sim) by extensions ['ignore', 'ignore_ament_install']
[0.158s] Level 1:colcon.colcon_core.package_identification:_identify(/home/thirawat/Mikant/mikant_sim_ws/src/mikant_sim) by extension 'ignore'
[0.158s] Level 1:colcon.colcon_core.package_identification:_identify(/home/thirawat/Mikant/mikant_sim_ws/src/mikant_sim) by extension 'ignore_ament_install'
[0.158s] Level 1:colcon.colcon_core.package_identification:_identify(/home/thirawat/Mikant/mikant_sim_ws/src/mikant_sim) by extensions ['colcon_pkg']
[0.158s] Level 1:colcon.colcon_core.package_identification:_identify(/home/thirawat/Mikant/mikant_sim_ws/src/mikant_sim) by extension 'colcon_pkg'
[0.158s] Level 1:colcon.colcon_core.package_identification:_identify(/home/thirawat/Mikant/mikant_sim_ws/src/mikant_sim) by extensions ['colcon_meta']
[0.159s] Level 1:colcon.colcon_core.package_identification:_identify(/home/thirawat/Mikant/mikant_sim_ws/src/mikant_sim) by extension 'colcon_meta'
[0.159s] Level 1:colcon.colcon_core.package_identification:_identify(/home/thirawat/Mikant/mikant_sim_ws/src/mikant_sim) by extensions ['ros']
[0.159s] Level 1:colcon.colcon_core.package_identification:_identify(/home/thirawat/Mikant/mikant_sim_ws/src/mikant_sim) by extension 'ros'
[0.159s] DEBUG:colcon.colcon_core.package_identification:Package '/home/thirawat/Mikant/mikant_sim_ws/src/mikant_sim' with type 'ros.ament_python' and name 'mikant_sim'
[0.159s] Level 1:colcon.colcon_core.package_discovery:discover_packages(recursive) using defaults
