[0.701s] Invoking command in '/home/thirawat/Mikant/mikant_sim_ws/src/mikant_sim': PYTHONPATH=/home/thirawat/Mikant/mikant_sim_ws/build/mikant_sim/prefix_override:/home/thirawat/Mikant/mikant_sim_ws/install/mikant_sim/lib/python3.8/site-packages:${PYTHONPATH} /usr/bin/python3 setup.py egg_info --egg-base ../../build/mikant_sim build --build-base /home/thirawat/Mikant/mikant_sim_ws/build/mikant_sim/build install --record /home/thirawat/Mikant/mikant_sim_ws/build/mikant_sim/install.log --single-version-externally-managed
[0.891s] running egg_info
[0.892s] writing ../../build/mikant_sim/mikant_sim.egg-info/PKG-INFO
[0.893s] writing dependency_links to ../../build/mikant_sim/mikant_sim.egg-info/dependency_links.txt
[0.893s] writing entry points to ../../build/mikant_sim/mikant_sim.egg-info/entry_points.txt
[0.893s] writing requirements to ../../build/mikant_sim/mikant_sim.egg-info/requires.txt
[0.893s] writing top-level names to ../../build/mikant_sim/mikant_sim.egg-info/top_level.txt
[0.894s] reading manifest file '../../build/mikant_sim/mikant_sim.egg-info/SOURCES.txt'
[0.895s] writing manifest file '../../build/mikant_sim/mikant_sim.egg-info/SOURCES.txt'
[0.895s] running build
[0.895s] running build_py
[0.895s] running install
[0.896s] running install_lib
[0.897s] running install_data
[0.897s] running install_egg_info
[0.898s] removing '/home/thirawat/Mikant/mikant_sim_ws/install/mikant_sim/lib/python3.8/site-packages/mikant_sim-0.0.0-py3.8.egg-info' (and everything under it)
[0.899s] Copying ../../build/mikant_sim/mikant_sim.egg-info to /home/thirawat/Mikant/mikant_sim_ws/install/mikant_sim/lib/python3.8/site-packages/mikant_sim-0.0.0-py3.8.egg-info
[0.899s] running install_scripts
[0.912s] writing list of installed files to '/home/thirawat/Mikant/mikant_sim_ws/build/mikant_sim/install.log'
[0.931s] Invoked command in '/home/thirawat/Mikant/mikant_sim_ws/src/mikant_sim' returned '0': PYTHONPATH=/home/thirawat/Mikant/mikant_sim_ws/build/mikant_sim/prefix_override:/home/thirawat/Mikant/mikant_sim_ws/install/mikant_sim/lib/python3.8/site-packages:${PYTHONPATH} /usr/bin/python3 setup.py egg_info --egg-base ../../build/mikant_sim build --build-base /home/thirawat/Mikant/mikant_sim_ws/build/mikant_sim/build install --record /home/thirawat/Mikant/mikant_sim_ws/build/mikant_sim/install.log --single-version-externally-managed
