[0.784s] Invoking command in '/home/thirawat/Mikant/mikant_sim_ws/src/mikant_sim': PYTHONPATH=/home/thirawat/Mikant/mikant_sim_ws/build/mikant_sim/prefix_override:/home/thirawat/Mikant/mikant_sim_ws/install/mikant_sim/lib/python3.8/site-packages:${PYTHONPATH} /usr/bin/python3 setup.py egg_info --egg-base ../../build/mikant_sim build --build-base /home/thirawat/Mikant/mikant_sim_ws/build/mikant_sim/build install --record /home/thirawat/Mikant/mikant_sim_ws/build/mikant_sim/install.log --single-version-externally-managed
[0.977s] running egg_info
[0.977s] writing ../../build/mikant_sim/mikant_sim.egg-info/PKG-INFO
[0.978s] writing dependency_links to ../../build/mikant_sim/mikant_sim.egg-info/dependency_links.txt
[0.978s] writing entry points to ../../build/mikant_sim/mikant_sim.egg-info/entry_points.txt
[0.978s] writing requirements to ../../build/mikant_sim/mikant_sim.egg-info/requires.txt
[0.978s] writing top-level names to ../../build/mikant_sim/mikant_sim.egg-info/top_level.txt
[0.980s] reading manifest file '../../build/mikant_sim/mikant_sim.egg-info/SOURCES.txt'
[0.980s] writing manifest file '../../build/mikant_sim/mikant_sim.egg-info/SOURCES.txt'
[0.980s] running build
[0.981s] running build_py
[0.981s] running install
[0.981s] running install_lib
[0.982s] running install_data
[0.983s] running install_egg_info
[0.984s] removing '/home/thirawat/Mikant/mikant_sim_ws/install/mikant_sim/lib/python3.8/site-packages/mikant_sim-0.0.0-py3.8.egg-info' (and everything under it)
[0.984s] Copying ../../build/mikant_sim/mikant_sim.egg-info to /home/thirawat/Mikant/mikant_sim_ws/install/mikant_sim/lib/python3.8/site-packages/mikant_sim-0.0.0-py3.8.egg-info
[0.985s] running install_scripts
[1.005s] writing list of installed files to '/home/thirawat/Mikant/mikant_sim_ws/build/mikant_sim/install.log'
[1.017s] Invoked command in '/home/thirawat/Mikant/mikant_sim_ws/src/mikant_sim' returned '0': PYTHONPATH=/home/thirawat/Mikant/mikant_sim_ws/build/mikant_sim/prefix_override:/home/thirawat/Mikant/mikant_sim_ws/install/mikant_sim/lib/python3.8/site-packages:${PYTHONPATH} /usr/bin/python3 setup.py egg_info --egg-base ../../build/mikant_sim build --build-base /home/thirawat/Mikant/mikant_sim_ws/build/mikant_sim/build install --record /home/thirawat/Mikant/mikant_sim_ws/build/mikant_sim/install.log --single-version-externally-managed
