[35m[1mScanning dependencies of target buoyancy_force_plugin[0m
[ 50%] [32mBuilding CXX object CMakeFiles/buoyancy_force_plugin.dir/src/buoyancy_force_plugin.cc.o[0m
[100%] [32m[1mLinking CXX shared library libbuoyancy_force_plugin.so[0m
[100%] Built target buoyancy_force_plugin
-- Install configuration: ""
-- Installing: /home/thirawat/Mikant/mikant_sim_ws/install/mikant_gazebo_plugins/share/mikant_gazebo_plugins/libbuoyancy_force_plugin.so
-- Set runtime path of "/home/thirawat/Mikant/mikant_sim_ws/install/mikant_gazebo_plugins/share/mikant_gazebo_plugins/libbuoyancy_force_plugin.so" to ""
-- Installing: /home/thirawat/Mikant/mikant_sim_ws/install/mikant_gazebo_plugins/share/ament_index/resource_index/package_run_dependencies/mikant_gazebo_plugins
-- Up-to-date: /home/thirawat/Mikant/mikant_sim_ws/install/mikant_gazebo_plugins/share/ament_index/resource_index/parent_prefix_path/mikant_gazebo_plugins
-- Up-to-date: /home/thirawat/Mikant/mikant_sim_ws/install/mikant_gazebo_plugins/share/mikant_gazebo_plugins/environment/ament_prefix_path.sh
-- Installing: /home/thirawat/Mikant/mikant_sim_ws/install/mikant_gazebo_plugins/share/mikant_gazebo_plugins/environment/ament_prefix_path.dsv
-- Up-to-date: /home/thirawat/Mikant/mikant_sim_ws/install/mikant_gazebo_plugins/share/mikant_gazebo_plugins/environment/path.sh
-- Installing: /home/thirawat/Mikant/mikant_sim_ws/install/mikant_gazebo_plugins/share/mikant_gazebo_plugins/environment/path.dsv
-- Up-to-date: /home/thirawat/Mikant/mikant_sim_ws/install/mikant_gazebo_plugins/share/mikant_gazebo_plugins/local_setup.bash
-- Up-to-date: /home/thirawat/Mikant/mikant_sim_ws/install/mikant_gazebo_plugins/share/mikant_gazebo_plugins/local_setup.sh
-- Up-to-date: /home/thirawat/Mikant/mikant_sim_ws/install/mikant_gazebo_plugins/share/mikant_gazebo_plugins/local_setup.zsh
-- Installing: /home/thirawat/Mikant/mikant_sim_ws/install/mikant_gazebo_plugins/share/mikant_gazebo_plugins/local_setup.dsv
-- Installing: /home/thirawat/Mikant/mikant_sim_ws/install/mikant_gazebo_plugins/share/mikant_gazebo_plugins/package.dsv
-- Up-to-date: /home/thirawat/Mikant/mikant_sim_ws/install/mikant_gazebo_plugins/share/ament_index/resource_index/packages/mikant_gazebo_plugins
-- Up-to-date: /home/thirawat/Mikant/mikant_sim_ws/install/mikant_gazebo_plugins/share/mikant_gazebo_plugins/cmake/mikant_gazebo_pluginsConfig.cmake
-- Up-to-date: /home/thirawat/Mikant/mikant_sim_ws/install/mikant_gazebo_plugins/share/mikant_gazebo_plugins/cmake/mikant_gazebo_pluginsConfig-version.cmake
-- Installing: /home/thirawat/Mikant/mikant_sim_ws/install/mikant_gazebo_plugins/share/mikant_gazebo_plugins/package.xml
