[0.224s] Invoking command in '/home/thirawat/Mikant/mikant_sim_ws/build/mikant_gazebo_plugins': CMAKE_PREFIX_PATH=${CMAKE_PREFIX_PATH}:/home/thirawat/sailboat_ws/install/warehouse_robot_spawner_pkg:/home/thirawat/sailboat_ws/install/Catamaran_Sailboat_description:/home/thirawat/ros2_ws/install/urdf_tutorial_r2d2:/home/thirawat/ros2_ws/install/turtlesim_catch_them_all:/home/thirawat/ros2_ws/install/opencv_tests:/home/thirawat/ros2_ws/install/my_py_pkg:/opt/ros/foxy /usr/bin/cmake --build /home/thirawat/Mikant/mikant_sim_ws/build/mikant_gazebo_plugins -- -j4 -l4
[0.262s] [35m[1mScanning dependencies of target buoyancy_force_plugin[0m
[0.309s] [ 50%] [32mBuilding CXX object CMakeFiles/buoyancy_force_plugin.dir/src/buoyancy_force_plugin.cc.o[0m
[7.793s] [100%] [32m[1mLinking CXX shared library libbuoyancy_force_plugin.so[0m
[8.145s] [100%] Built target buoyancy_force_plugin
[8.154s] Invoked command in '/home/thirawat/Mikant/mikant_sim_ws/build/mikant_gazebo_plugins' returned '0': CMAKE_PREFIX_PATH=${CMAKE_PREFIX_PATH}:/home/thirawat/sailboat_ws/install/warehouse_robot_spawner_pkg:/home/thirawat/sailboat_ws/install/Catamaran_Sailboat_description:/home/thirawat/ros2_ws/install/urdf_tutorial_r2d2:/home/thirawat/ros2_ws/install/turtlesim_catch_them_all:/home/thirawat/ros2_ws/install/opencv_tests:/home/thirawat/ros2_ws/install/my_py_pkg:/opt/ros/foxy /usr/bin/cmake --build /home/thirawat/Mikant/mikant_sim_ws/build/mikant_gazebo_plugins -- -j4 -l4
[8.184s] Invoking command in '/home/thirawat/Mikant/mikant_sim_ws/build/mikant_gazebo_plugins': CMAKE_PREFIX_PATH=${CMAKE_PREFIX_PATH}:/home/thirawat/sailboat_ws/install/warehouse_robot_spawner_pkg:/home/thirawat/sailboat_ws/install/Catamaran_Sailboat_description:/home/thirawat/ros2_ws/install/urdf_tutorial_r2d2:/home/thirawat/ros2_ws/install/turtlesim_catch_them_all:/home/thirawat/ros2_ws/install/opencv_tests:/home/thirawat/ros2_ws/install/my_py_pkg:/opt/ros/foxy /usr/bin/cmake --install /home/thirawat/Mikant/mikant_sim_ws/build/mikant_gazebo_plugins
[8.190s] -- Install configuration: ""
[8.190s] -- Installing: /home/thirawat/Mikant/mikant_sim_ws/install/mikant_gazebo_plugins/share/mikant_gazebo_plugins/libbuoyancy_force_plugin.so
[8.192s] -- Set runtime path of "/home/thirawat/Mikant/mikant_sim_ws/install/mikant_gazebo_plugins/share/mikant_gazebo_plugins/libbuoyancy_force_plugin.so" to ""
[8.192s] -- Installing: /home/thirawat/Mikant/mikant_sim_ws/install/mikant_gazebo_plugins/share/ament_index/resource_index/package_run_dependencies/mikant_gazebo_plugins
[8.192s] -- Up-to-date: /home/thirawat/Mikant/mikant_sim_ws/install/mikant_gazebo_plugins/share/ament_index/resource_index/parent_prefix_path/mikant_gazebo_plugins
[8.192s] -- Up-to-date: /home/thirawat/Mikant/mikant_sim_ws/install/mikant_gazebo_plugins/share/mikant_gazebo_plugins/environment/ament_prefix_path.sh
[8.192s] -- Installing: /home/thirawat/Mikant/mikant_sim_ws/install/mikant_gazebo_plugins/share/mikant_gazebo_plugins/environment/ament_prefix_path.dsv
[8.192s] -- Up-to-date: /home/thirawat/Mikant/mikant_sim_ws/install/mikant_gazebo_plugins/share/mikant_gazebo_plugins/environment/path.sh
[8.193s] -- Installing: /home/thirawat/Mikant/mikant_sim_ws/install/mikant_gazebo_plugins/share/mikant_gazebo_plugins/environment/path.dsv
[8.193s] -- Up-to-date: /home/thirawat/Mikant/mikant_sim_ws/install/mikant_gazebo_plugins/share/mikant_gazebo_plugins/local_setup.bash
[8.193s] -- Up-to-date: /home/thirawat/Mikant/mikant_sim_ws/install/mikant_gazebo_plugins/share/mikant_gazebo_plugins/local_setup.sh
[8.193s] -- Up-to-date: /home/thirawat/Mikant/mikant_sim_ws/install/mikant_gazebo_plugins/share/mikant_gazebo_plugins/local_setup.zsh
[8.193s] -- Installing: /home/thirawat/Mikant/mikant_sim_ws/install/mikant_gazebo_plugins/share/mikant_gazebo_plugins/local_setup.dsv
[8.193s] -- Installing: /home/thirawat/Mikant/mikant_sim_ws/install/mikant_gazebo_plugins/share/mikant_gazebo_plugins/package.dsv
[8.193s] -- Up-to-date: /home/thirawat/Mikant/mikant_sim_ws/install/mikant_gazebo_plugins/share/ament_index/resource_index/packages/mikant_gazebo_plugins
[8.193s] -- Up-to-date: /home/thirawat/Mikant/mikant_sim_ws/install/mikant_gazebo_plugins/share/mikant_gazebo_plugins/cmake/mikant_gazebo_pluginsConfig.cmake
[8.193s] -- Up-to-date: /home/thirawat/Mikant/mikant_sim_ws/install/mikant_gazebo_plugins/share/mikant_gazebo_plugins/cmake/mikant_gazebo_pluginsConfig-version.cmake
[8.193s] -- Installing: /home/thirawat/Mikant/mikant_sim_ws/install/mikant_gazebo_plugins/share/mikant_gazebo_plugins/package.xml
[8.197s] Invoked command in '/home/thirawat/Mikant/mikant_sim_ws/build/mikant_gazebo_plugins' returned '0': CMAKE_PREFIX_PATH=${CMAKE_PREFIX_PATH}:/home/thirawat/sailboat_ws/install/warehouse_robot_spawner_pkg:/home/thirawat/sailboat_ws/install/Catamaran_Sailboat_description:/home/thirawat/ros2_ws/install/urdf_tutorial_r2d2:/home/thirawat/ros2_ws/install/turtlesim_catch_them_all:/home/thirawat/ros2_ws/install/opencv_tests:/home/thirawat/ros2_ws/install/my_py_pkg:/opt/ros/foxy /usr/bin/cmake --install /home/thirawat/Mikant/mikant_sim_ws/build/mikant_gazebo_plugins
