[0.145s] DEBUG:colcon:Command line arguments: ['/usr/bin/colcon', 'build']
[0.145s] DEBUG:colcon:Parsed command line arguments: Namespace(allow_overriding=[], ament_cmake_args=None, base_paths=['.'], build_base='build', catkin_cmake_args=None, catkin_skip_building_tests=False, cmake_args=None, cmake_clean_cache=False, cmake_clean_first=False, cmake_force_configure=False, cmake_target=None, cmake_target_skip_unavailable=False, continue_on_error=False, event_handlers=None, executor='parallel', ignore_user_meta=False, install_base='install', log_base=None, log_level=None, main=<bound method BuildVerb.main of <colcon_core.verb.build.BuildVerb object at 0x7f0db3db47c0>>, merge_install=False, metas=['./colcon.meta'], packages_above=None, packages_above_and_dependencies=None, packages_above_depth=None, packages_end=None, packages_ignore=None, packages_ignore_regex=None, packages_select=None, packages_select_build_failed=False, packages_select_by_dep=None, packages_select_regex=None, packages_select_test_failures=False, packages_skip=None, packages_skip_build_finished=False, packages_skip_by_dep=None, packages_skip_regex=None, packages_skip_test_passed=False, packages_skip_up_to=None, packages_start=None, packages_up_to=None, packages_up_to_regex=None, parallel_workers=4, paths=None, symlink_install=False, test_result_base=None, verb_extension=<colcon_core.verb.build.BuildVerb object at 0x7f0db3db47c0>, verb_name='build', verb_parser=<colcon_defaults.argument_parser.defaults.DefaultArgumentsDecorator object at 0x7f0db3d3c4c0>)
[0.190s] Level 1:colcon.colcon_core.package_discovery:discover_packages(colcon_meta) check parameters
[0.191s] Level 1:colcon.colcon_core.package_discovery:discover_packages(recursive) check parameters
[0.191s] Level 1:colcon.colcon_core.package_discovery:discover_packages(ignore) check parameters
[0.191s] Level 1:colcon.colcon_core.package_discovery:discover_packages(path) check parameters
[0.191s] Level 1:colcon.colcon_core.package_discovery:discover_packages(colcon_meta) discover
[0.191s] Level 1:colcon.colcon_core.package_discovery:discover_packages(recursive) discover
[0.191s] INFO:colcon.colcon_core.package_discovery:Crawling recursively for packages in '/home/thirawat/Mikant/mikant_sim_ws'
[0.191s] Level 1:colcon.colcon_core.package_identification:_identify(.) by extensions ['ignore', 'ignore_ament_install']
[0.191s] Level 1:colcon.colcon_core.package_identification:_identify(.) by extension 'ignore'
[0.191s] Level 1:colcon.colcon_core.package_identification:_identify(.) by extension 'ignore_ament_install'
[0.191s] Level 1:colcon.colcon_core.package_identification:_identify(.) by extensions ['colcon_pkg']
[0.191s] Level 1:colcon.colcon_core.package_identification:_identify(.) by extension 'colcon_pkg'
[0.191s] Level 1:colcon.colcon_core.package_identification:_identify(.) by extensions ['colcon_meta']
[0.191s] Level 1:colcon.colcon_core.package_identification:_identify(.) by extension 'colcon_meta'
[0.191s] Level 1:colcon.colcon_core.package_identification:_identify(.) by extensions ['ros']
[0.191s] Level 1:colcon.colcon_core.package_identification:_identify(.) by extension 'ros'
[0.200s] Level 1:colcon.colcon_core.package_identification:_identify(.) by extensions ['cmake', 'python']
[0.200s] Level 1:colcon.colcon_core.package_identification:_identify(.) by extension 'cmake'
[0.200s] Level 1:colcon.colcon_core.package_identification:_identify(.) by extension 'python'
[0.201s] Level 1:colcon.colcon_core.package_identification:_identify(.) by extensions ['python_setup_py']
[0.201s] Level 1:colcon.colcon_core.package_identification:_identify(.) by extension 'python_setup_py'
[0.201s] Level 1:colcon.colcon_core.package_identification:_identify(build) by extensions ['ignore', 'ignore_ament_install']
[0.201s] Level 1:colcon.colcon_core.package_identification:_identify(build) by extension 'ignore'
[0.201s] Level 1:colcon.colcon_core.package_identification:_identify(build) ignored
[0.201s] Level 1:colcon.colcon_core.package_identification:_identify(install) by extensions ['ignore', 'ignore_ament_install']
[0.201s] Level 1:colcon.colcon_core.package_identification:_identify(install) by extension 'ignore'
[0.201s] Level 1:colcon.colcon_core.package_identification:_identify(install) ignored
[0.201s] Level 1:colcon.colcon_core.package_identification:_identify(log) by extensions ['ignore', 'ignore_ament_install']
[0.201s] Level 1:colcon.colcon_core.package_identification:_identify(log) by extension 'ignore'
[0.201s] Level 1:colcon.colcon_core.package_identification:_identify(log) ignored
[0.201s] Level 1:colcon.colcon_core.package_identification:_identify(src) by extensions ['ignore', 'ignore_ament_install']
[0.201s] Level 1:colcon.colcon_core.package_identification:_identify(src) by extension 'ignore'
[0.201s] Level 1:colcon.colcon_core.package_identification:_identify(src) by extension 'ignore_ament_install'
[0.201s] Level 1:colcon.colcon_core.package_identification:_identify(src) by extensions ['colcon_pkg']
[0.201s] Level 1:colcon.colcon_core.package_identification:_identify(src) by extension 'colcon_pkg'
[0.201s] Level 1:colcon.colcon_core.package_identification:_identify(src) by extensions ['colcon_meta']
[0.201s] Level 1:colcon.colcon_core.package_identification:_identify(src) by extension 'colcon_meta'
[0.201s] Level 1:colcon.colcon_core.package_identification:_identify(src) by extensions ['ros']
[0.201s] Level 1:colcon.colcon_core.package_identification:_identify(src) by extension 'ros'
[0.202s] Level 1:colcon.colcon_core.package_identification:_identify(src) by extensions ['cmake', 'python']
[0.202s] Level 1:colcon.colcon_core.package_identification:_identify(src) by extension 'cmake'
[0.202s] Level 1:colcon.colcon_core.package_identification:_identify(src) by extension 'python'
[0.202s] Level 1:colcon.colcon_core.package_identification:_identify(src) by extensions ['python_setup_py']
[0.202s] Level 1:colcon.colcon_core.package_identification:_identify(src) by extension 'python_setup_py'
[0.202s] Level 1:colcon.colcon_core.package_identification:_identify(src/mikant_description) by extensions ['ignore', 'ignore_ament_install']
[0.202s] Level 1:colcon.colcon_core.package_identification:_identify(src/mikant_description) by extension 'ignore'
[0.202s] Level 1:colcon.colcon_core.package_identification:_identify(src/mikant_description) by extension 'ignore_ament_install'
[0.202s] Level 1:colcon.colcon_core.package_identification:_identify(src/mikant_description) by extensions ['colcon_pkg']
[0.202s] Level 1:colcon.colcon_core.package_identification:_identify(src/mikant_description) by extension 'colcon_pkg'
[0.202s] Level 1:colcon.colcon_core.package_identification:_identify(src/mikant_description) by extensions ['colcon_meta']
[0.202s] Level 1:colcon.colcon_core.package_identification:_identify(src/mikant_description) by extension 'colcon_meta'
[0.202s] Level 1:colcon.colcon_core.package_identification:_identify(src/mikant_description) by extensions ['ros']
[0.202s] Level 1:colcon.colcon_core.package_identification:_identify(src/mikant_description) by extension 'ros'
[0.205s] DEBUG:colcon.colcon_core.package_identification:Package 'src/mikant_description' with type 'ros.ament_python' and name 'mikant_description'
[0.205s] Level 1:colcon.colcon_core.package_identification:_identify(src/mikant_sim) by extensions ['ignore', 'ignore_ament_install']
[0.205s] Level 1:colcon.colcon_core.package_identification:_identify(src/mikant_sim) by extension 'ignore'
[0.206s] Level 1:colcon.colcon_core.package_identification:_identify(src/mikant_sim) by extension 'ignore_ament_install'
[0.206s] Level 1:colcon.colcon_core.package_identification:_identify(src/mikant_sim) by extensions ['colcon_pkg']
[0.206s] Level 1:colcon.colcon_core.package_identification:_identify(src/mikant_sim) by extension 'colcon_pkg'
[0.206s] Level 1:colcon.colcon_core.package_identification:_identify(src/mikant_sim) by extensions ['colcon_meta']
[0.206s] Level 1:colcon.colcon_core.package_identification:_identify(src/mikant_sim) by extension 'colcon_meta'
[0.206s] Level 1:colcon.colcon_core.package_identification:_identify(src/mikant_sim) by extensions ['ros']
[0.206s] Level 1:colcon.colcon_core.package_identification:_identify(src/mikant_sim) by extension 'ros'
[0.206s] DEBUG:colcon.colcon_core.package_identification:Package 'src/mikant_sim' with type 'ros.ament_python' and name 'mikant_sim'
[0.206s] Level 1:colcon.colcon_core.package_discovery:discover_packages(recursive) using defaults
[0.206s] Level 1:colcon.colcon_core.package_discovery:discover_packages(ignore) discover
[0.206s] Level 1:colcon.colcon_core.package_discovery:discover_packages(ignore) using defaults
[0.206s] Level 1:colcon.colcon_core.package_discovery:discover_packages(path) discover
[0.206s] Level 1:colcon.colcon_core.package_discovery:discover_packages(path) using defaults
[0.233s] Level 1:colcon.colcon_core.package_discovery:discover_packages(prefix_path) check parameters
[0.233s] Level 1:colcon.colcon_core.package_discovery:discover_packages(prefix_path) discover
[0.238s] DEBUG:colcon.colcon_installed_package_information.package_discovery:Found 3 installed packages in /home/thirawat/mikant_sim_ws/install
[0.239s] DEBUG:colcon.colcon_installed_package_information.package_discovery:Found 14 installed packages in /home/thirawat/sailboat_ws/install
[0.241s] DEBUG:colcon.colcon_installed_package_information.package_discovery:Found 19 installed packages in /home/thirawat/ros2_ws/install
[0.242s] DEBUG:colcon.colcon_installed_package_information.package_discovery:Found 268 installed packages in /opt/ros/foxy
[0.243s] Level 1:colcon.colcon_core.package_discovery:discover_packages(prefix_path) using defaults
[0.352s] Level 5:colcon.colcon_core.verb:set package 'mikant_description' build argument 'cmake_args' from command line to 'None'
[0.352s] Level 5:colcon.colcon_core.verb:set package 'mikant_description' build argument 'cmake_target' from command line to 'None'
[0.352s] Level 5:colcon.colcon_core.verb:set package 'mikant_description' build argument 'cmake_target_skip_unavailable' from command line to 'False'
[0.352s] Level 5:colcon.colcon_core.verb:set package 'mikant_description' build argument 'cmake_clean_cache' from command line to 'False'
[0.352s] Level 5:colcon.colcon_core.verb:set package 'mikant_description' build argument 'cmake_clean_first' from command line to 'False'
[0.352s] Level 5:colcon.colcon_core.verb:set package 'mikant_description' build argument 'cmake_force_configure' from command line to 'False'
[0.352s] Level 5:colcon.colcon_core.verb:set package 'mikant_description' build argument 'ament_cmake_args' from command line to 'None'
[0.352s] Level 5:colcon.colcon_core.verb:set package 'mikant_description' build argument 'catkin_cmake_args' from command line to 'None'
[0.352s] Level 5:colcon.colcon_core.verb:set package 'mikant_description' build argument 'catkin_skip_building_tests' from command line to 'False'
[0.352s] DEBUG:colcon.colcon_core.verb:Building package 'mikant_description' with the following arguments: {'ament_cmake_args': None, 'build_base': '/home/thirawat/Mikant/mikant_sim_ws/build/mikant_description', 'catkin_cmake_args': None, 'catkin_skip_building_tests': False, 'cmake_args': None, 'cmake_clean_cache': False, 'cmake_clean_first': False, 'cmake_force_configure': False, 'cmake_target': None, 'cmake_target_skip_unavailable': False, 'install_base': '/home/thirawat/Mikant/mikant_sim_ws/install/mikant_description', 'merge_install': False, 'path': '/home/thirawat/Mikant/mikant_sim_ws/src/mikant_description', 'symlink_install': False, 'test_result_base': None}
[0.353s] Level 5:colcon.colcon_core.verb:set package 'mikant_sim' build argument 'cmake_args' from command line to 'None'
[0.353s] Level 5:colcon.colcon_core.verb:set package 'mikant_sim' build argument 'cmake_target' from command line to 'None'
[0.353s] Level 5:colcon.colcon_core.verb:set package 'mikant_sim' build argument 'cmake_target_skip_unavailable' from command line to 'False'
[0.353s] Level 5:colcon.colcon_core.verb:set package 'mikant_sim' build argument 'cmake_clean_cache' from command line to 'False'
[0.353s] Level 5:colcon.colcon_core.verb:set package 'mikant_sim' build argument 'cmake_clean_first' from command line to 'False'
[0.353s] Level 5:colcon.colcon_core.verb:set package 'mikant_sim' build argument 'cmake_force_configure' from command line to 'False'
[0.353s] Level 5:colcon.colcon_core.verb:set package 'mikant_sim' build argument 'ament_cmake_args' from command line to 'None'
[0.354s] Level 5:colcon.colcon_core.verb:set package 'mikant_sim' build argument 'catkin_cmake_args' from command line to 'None'
[0.354s] Level 5:colcon.colcon_core.verb:set package 'mikant_sim' build argument 'catkin_skip_building_tests' from command line to 'False'
[0.354s] DEBUG:colcon.colcon_core.verb:Building package 'mikant_sim' with the following arguments: {'ament_cmake_args': None, 'build_base': '/home/thirawat/Mikant/mikant_sim_ws/build/mikant_sim', 'catkin_cmake_args': None, 'catkin_skip_building_tests': False, 'cmake_args': None, 'cmake_clean_cache': False, 'cmake_clean_first': False, 'cmake_force_configure': False, 'cmake_target': None, 'cmake_target_skip_unavailable': False, 'install_base': '/home/thirawat/Mikant/mikant_sim_ws/install/mikant_sim', 'merge_install': False, 'path': '/home/thirawat/Mikant/mikant_sim_ws/src/mikant_sim', 'symlink_install': False, 'test_result_base': None}
[0.354s] INFO:colcon.colcon_core.executor:Executing jobs using 'parallel' executor
[0.358s] DEBUG:colcon.colcon_parallel_executor.executor.parallel:run_until_complete
[0.358s] INFO:colcon.colcon_ros.task.ament_python.build:Building ROS package in '/home/thirawat/Mikant/mikant_sim_ws/src/mikant_description' with build type 'ament_python'
[0.358s] Level 1:colcon.colcon_core.shell:create_environment_hook('mikant_description', 'ament_prefix_path')
[0.366s] INFO:colcon.colcon_core.plugin_system:Skipping extension 'colcon_core.shell.bat': Not used on non-Windows systems
[0.366s] INFO:colcon.colcon_core.shell:Creating environment hook '/home/thirawat/Mikant/mikant_sim_ws/install/mikant_description/share/mikant_description/hook/ament_prefix_path.ps1'
[0.367s] INFO:colcon.colcon_core.shell:Creating environment descriptor '/home/thirawat/Mikant/mikant_sim_ws/install/mikant_description/share/mikant_description/hook/ament_prefix_path.dsv'
[0.368s] INFO:colcon.colcon_core.shell:Creating environment hook '/home/thirawat/Mikant/mikant_sim_ws/install/mikant_description/share/mikant_description/hook/ament_prefix_path.sh'
[0.369s] INFO:colcon.colcon_core.shell:Skip shell extension 'powershell' for command environment: Not usable outside of PowerShell
[0.369s] DEBUG:colcon.colcon_core.shell:Skip shell extension 'dsv' for command environment
[0.377s] INFO:colcon.colcon_ros.task.ament_python.build:Building ROS package in '/home/thirawat/Mikant/mikant_sim_ws/src/mikant_sim' with build type 'ament_python'
[0.377s] Level 1:colcon.colcon_core.shell:create_environment_hook('mikant_sim', 'ament_prefix_path')
[0.378s] INFO:colcon.colcon_core.shell:Creating environment hook '/home/thirawat/Mikant/mikant_sim_ws/install/mikant_sim/share/mikant_sim/hook/ament_prefix_path.ps1'
[0.379s] INFO:colcon.colcon_core.shell:Creating environment descriptor '/home/thirawat/Mikant/mikant_sim_ws/install/mikant_sim/share/mikant_sim/hook/ament_prefix_path.dsv'
[0.380s] INFO:colcon.colcon_core.shell:Creating environment hook '/home/thirawat/Mikant/mikant_sim_ws/install/mikant_sim/share/mikant_sim/hook/ament_prefix_path.sh'
[0.381s] INFO:colcon.colcon_core.shell:Skip shell extension 'powershell' for command environment: Not usable outside of PowerShell
[0.381s] DEBUG:colcon.colcon_core.shell:Skip shell extension 'dsv' for command environment
[0.592s] INFO:colcon.colcon_core.task.python.build:Building Python package in '/home/thirawat/Mikant/mikant_sim_ws/src/mikant_description'
[0.594s] INFO:colcon.colcon_core.shell:Skip shell extension 'powershell' for command environment: Not usable outside of PowerShell
[0.594s] DEBUG:colcon.colcon_core.shell:Skip shell extension 'dsv' for command environment
[0.794s] INFO:colcon.colcon_core.task.python.build:Building Python package in '/home/thirawat/Mikant/mikant_sim_ws/src/mikant_sim'
[0.796s] INFO:colcon.colcon_core.shell:Skip shell extension 'powershell' for command environment: Not usable outside of PowerShell
[0.796s] DEBUG:colcon.colcon_core.shell:Skip shell extension 'dsv' for command environment
[1.170s] DEBUG:colcon.colcon_core.event_handler.log_command:Invoking command in '/home/thirawat/Mikant/mikant_sim_ws/src/mikant_sim': PYTHONPATH=/home/thirawat/Mikant/mikant_sim_ws/build/mikant_sim/prefix_override:/home/thirawat/Mikant/mikant_sim_ws/install/mikant_sim/lib/python3.8/site-packages:${PYTHONPATH} /usr/bin/python3 setup.py egg_info --egg-base ../../build/mikant_sim build --build-base /home/thirawat/Mikant/mikant_sim_ws/build/mikant_sim/build install --record /home/thirawat/Mikant/mikant_sim_ws/build/mikant_sim/install.log --install-scripts $base/lib/mikant_sim --single-version-externally-managed
[1.176s] DEBUG:colcon.colcon_core.event_handler.log_command:Invoking command in '/home/thirawat/Mikant/mikant_sim_ws/src/mikant_description': PYTHONPATH=/home/thirawat/Mikant/mikant_sim_ws/build/mikant_description/prefix_override:/home/thirawat/Mikant/mikant_sim_ws/install/mikant_description/lib/python3.8/site-packages:${PYTHONPATH} /usr/bin/python3 setup.py egg_info --egg-base ../../build/mikant_description build --build-base /home/thirawat/Mikant/mikant_sim_ws/build/mikant_description/build install --record /home/thirawat/Mikant/mikant_sim_ws/build/mikant_description/install.log --install-scripts $base/lib/mikant_description --single-version-externally-managed
[1.404s] DEBUG:colcon.colcon_core.event_handler.log_command:Invoked command in '/home/thirawat/Mikant/mikant_sim_ws/src/mikant_sim' returned '0': PYTHONPATH=/home/thirawat/Mikant/mikant_sim_ws/build/mikant_sim/prefix_override:/home/thirawat/Mikant/mikant_sim_ws/install/mikant_sim/lib/python3.8/site-packages:${PYTHONPATH} /usr/bin/python3 setup.py egg_info --egg-base ../../build/mikant_sim build --build-base /home/thirawat/Mikant/mikant_sim_ws/build/mikant_sim/build install --record /home/thirawat/Mikant/mikant_sim_ws/build/mikant_sim/install.log --install-scripts $base/lib/mikant_sim --single-version-externally-managed
[1.413s] Level 1:colcon.colcon_core.environment:checking '/home/thirawat/Mikant/mikant_sim_ws/install/mikant_sim' for CMake module files
[1.414s] Level 1:colcon.colcon_core.environment:checking '/home/thirawat/Mikant/mikant_sim_ws/install/mikant_sim' for CMake config files
[1.414s] Level 1:colcon.colcon_core.environment:checking '/home/thirawat/Mikant/mikant_sim_ws/install/mikant_sim/lib'
[1.414s] Level 1:colcon.colcon_core.environment:checking '/home/thirawat/Mikant/mikant_sim_ws/install/mikant_sim/bin'
[1.414s] Level 1:colcon.colcon_core.environment:checking '/home/thirawat/Mikant/mikant_sim_ws/install/mikant_sim/lib/pkgconfig/mikant_sim.pc'
[1.415s] Level 1:colcon.colcon_core.environment:checking '/home/thirawat/Mikant/mikant_sim_ws/install/mikant_sim/lib/python3.8/site-packages'
[1.415s] Level 1:colcon.colcon_core.shell:create_environment_hook('mikant_sim', 'pythonpath')
[1.416s] INFO:colcon.colcon_core.shell:Creating environment hook '/home/thirawat/Mikant/mikant_sim_ws/install/mikant_sim/share/mikant_sim/hook/pythonpath.ps1'
[1.416s] INFO:colcon.colcon_core.shell:Creating environment descriptor '/home/thirawat/Mikant/mikant_sim_ws/install/mikant_sim/share/mikant_sim/hook/pythonpath.dsv'
[1.417s] INFO:colcon.colcon_core.shell:Creating environment hook '/home/thirawat/Mikant/mikant_sim_ws/install/mikant_sim/share/mikant_sim/hook/pythonpath.sh'
[1.417s] Level 1:colcon.colcon_core.environment:checking '/home/thirawat/Mikant/mikant_sim_ws/install/mikant_sim/bin'
[1.417s] Level 1:colcon.colcon_core.environment:create_environment_scripts_only(mikant_sim)
[1.418s] INFO:colcon.colcon_core.shell:Creating package script '/home/thirawat/Mikant/mikant_sim_ws/install/mikant_sim/share/mikant_sim/package.ps1'
[1.419s] INFO:colcon.colcon_core.shell:Creating package descriptor '/home/thirawat/Mikant/mikant_sim_ws/install/mikant_sim/share/mikant_sim/package.dsv'
[1.420s] INFO:colcon.colcon_core.shell:Creating package script '/home/thirawat/Mikant/mikant_sim_ws/install/mikant_sim/share/mikant_sim/package.sh'
[1.420s] INFO:colcon.colcon_core.shell:Creating package script '/home/thirawat/Mikant/mikant_sim_ws/install/mikant_sim/share/mikant_sim/package.bash'
[1.421s] INFO:colcon.colcon_core.shell:Creating package script '/home/thirawat/Mikant/mikant_sim_ws/install/mikant_sim/share/mikant_sim/package.zsh'
[1.422s] Level 1:colcon.colcon_core.environment:create_file_with_runtime_dependencies(/home/thirawat/Mikant/mikant_sim_ws/install/mikant_sim/share/colcon-core/packages/mikant_sim)
[1.426s] Level 1:colcon.colcon_core.environment:checking '/home/thirawat/Mikant/mikant_sim_ws/install/mikant_description' for CMake module files
[1.426s] DEBUG:colcon.colcon_core.event_handler.log_command:Invoked command in '/home/thirawat/Mikant/mikant_sim_ws/src/mikant_description' returned '0': PYTHONPATH=/home/thirawat/Mikant/mikant_sim_ws/build/mikant_description/prefix_override:/home/thirawat/Mikant/mikant_sim_ws/install/mikant_description/lib/python3.8/site-packages:${PYTHONPATH} /usr/bin/python3 setup.py egg_info --egg-base ../../build/mikant_description build --build-base /home/thirawat/Mikant/mikant_sim_ws/build/mikant_description/build install --record /home/thirawat/Mikant/mikant_sim_ws/build/mikant_description/install.log --install-scripts $base/lib/mikant_description --single-version-externally-managed
[1.426s] Level 1:colcon.colcon_core.environment:checking '/home/thirawat/Mikant/mikant_sim_ws/install/mikant_description' for CMake config files
[1.427s] Level 1:colcon.colcon_core.environment:checking '/home/thirawat/Mikant/mikant_sim_ws/install/mikant_description/lib'
[1.427s] Level 1:colcon.colcon_core.environment:checking '/home/thirawat/Mikant/mikant_sim_ws/install/mikant_description/bin'
[1.427s] Level 1:colcon.colcon_core.environment:checking '/home/thirawat/Mikant/mikant_sim_ws/install/mikant_description/lib/pkgconfig/mikant_description.pc'
[1.427s] Level 1:colcon.colcon_core.environment:checking '/home/thirawat/Mikant/mikant_sim_ws/install/mikant_description/lib/python3.8/site-packages'
[1.427s] Level 1:colcon.colcon_core.shell:create_environment_hook('mikant_description', 'pythonpath')
[1.428s] INFO:colcon.colcon_core.shell:Creating environment hook '/home/thirawat/Mikant/mikant_sim_ws/install/mikant_description/share/mikant_description/hook/pythonpath.ps1'
[1.429s] INFO:colcon.colcon_core.shell:Creating environment descriptor '/home/thirawat/Mikant/mikant_sim_ws/install/mikant_description/share/mikant_description/hook/pythonpath.dsv'
[1.429s] INFO:colcon.colcon_core.shell:Creating environment hook '/home/thirawat/Mikant/mikant_sim_ws/install/mikant_description/share/mikant_description/hook/pythonpath.sh'
[1.429s] Level 1:colcon.colcon_core.environment:checking '/home/thirawat/Mikant/mikant_sim_ws/install/mikant_description/bin'
[1.429s] Level 1:colcon.colcon_core.environment:create_environment_scripts_only(mikant_description)
[1.430s] INFO:colcon.colcon_core.shell:Creating package script '/home/thirawat/Mikant/mikant_sim_ws/install/mikant_description/share/mikant_description/package.ps1'
[1.431s] INFO:colcon.colcon_core.shell:Creating package descriptor '/home/thirawat/Mikant/mikant_sim_ws/install/mikant_description/share/mikant_description/package.dsv'
[1.431s] INFO:colcon.colcon_core.shell:Creating package script '/home/thirawat/Mikant/mikant_sim_ws/install/mikant_description/share/mikant_description/package.sh'
[1.431s] INFO:colcon.colcon_core.shell:Creating package script '/home/thirawat/Mikant/mikant_sim_ws/install/mikant_description/share/mikant_description/package.bash'
[1.431s] INFO:colcon.colcon_core.shell:Creating package script '/home/thirawat/Mikant/mikant_sim_ws/install/mikant_description/share/mikant_description/package.zsh'
[1.432s] Level 1:colcon.colcon_core.environment:create_file_with_runtime_dependencies(/home/thirawat/Mikant/mikant_sim_ws/install/mikant_description/share/colcon-core/packages/mikant_description)
[1.432s] DEBUG:colcon.colcon_parallel_executor.executor.parallel:closing loop
[1.433s] DEBUG:colcon.colcon_parallel_executor.executor.parallel:loop closed
[1.433s] DEBUG:colcon.colcon_parallel_executor.executor.parallel:run_until_complete finished with '0'
[1.433s] DEBUG:colcon.colcon_core.event_reactor:joining thread
[1.439s] INFO:colcon.colcon_core.plugin_system:Skipping extension 'colcon_notification.desktop_notification.terminal_notifier': Not used on non-Darwin systems
[1.439s] INFO:colcon.colcon_core.plugin_system:Skipping extension 'colcon_notification.desktop_notification.win32': Not used on non-Windows systems
[1.439s] INFO:colcon.colcon_notification.desktop_notification:Sending desktop notification using 'notify2'
[1.454s] DEBUG:colcon.colcon_core.event_reactor:joined thread
[1.456s] INFO:colcon.colcon_core.shell:Creating prefix script '/home/thirawat/Mikant/mikant_sim_ws/install/local_setup.ps1'
[1.457s] INFO:colcon.colcon_core.shell:Creating prefix util module '/home/thirawat/Mikant/mikant_sim_ws/install/_local_setup_util_ps1.py'
[1.458s] INFO:colcon.colcon_core.shell:Creating prefix chain script '/home/thirawat/Mikant/mikant_sim_ws/install/setup.ps1'
[1.460s] INFO:colcon.colcon_core.shell:Creating prefix script '/home/thirawat/Mikant/mikant_sim_ws/install/local_setup.sh'
[1.461s] INFO:colcon.colcon_core.shell:Creating prefix util module '/home/thirawat/Mikant/mikant_sim_ws/install/_local_setup_util_sh.py'
[1.461s] INFO:colcon.colcon_core.shell:Creating prefix chain script '/home/thirawat/Mikant/mikant_sim_ws/install/setup.sh'
[1.463s] INFO:colcon.colcon_core.shell:Creating prefix script '/home/thirawat/Mikant/mikant_sim_ws/install/local_setup.bash'
[1.464s] INFO:colcon.colcon_core.shell:Creating prefix chain script '/home/thirawat/Mikant/mikant_sim_ws/install/setup.bash'
[1.466s] INFO:colcon.colcon_core.shell:Creating prefix script '/home/thirawat/Mikant/mikant_sim_ws/install/local_setup.zsh'
[1.466s] INFO:colcon.colcon_core.shell:Creating prefix chain script '/home/thirawat/Mikant/mikant_sim_ws/install/setup.zsh'
