[0.776s] Invoking command in '/home/thirawat/Mikant/mikant_sim_ws/src/mikant_sim': PYTHONPATH=/home/thirawat/Mikant/mikant_sim_ws/build/mikant_sim/prefix_override:/home/thirawat/Mikant/mikant_sim_ws/install/mikant_sim/lib/python3.8/site-packages:${PYTHONPATH} /usr/bin/python3 setup.py egg_info --egg-base ../../build/mikant_sim build --build-base /home/thirawat/Mikant/mikant_sim_ws/build/mikant_sim/build install --record /home/thirawat/Mikant/mikant_sim_ws/build/mikant_sim/install.log --single-version-externally-managed
[0.959s] running egg_info
[0.959s] writing ../../build/mikant_sim/mikant_sim.egg-info/PKG-INFO
[0.959s] writing dependency_links to ../../build/mikant_sim/mikant_sim.egg-info/dependency_links.txt
[0.960s] writing entry points to ../../build/mikant_sim/mikant_sim.egg-info/entry_points.txt
[0.960s] writing requirements to ../../build/mikant_sim/mikant_sim.egg-info/requires.txt
[0.960s] writing top-level names to ../../build/mikant_sim/mikant_sim.egg-info/top_level.txt
[0.964s] reading manifest file '../../build/mikant_sim/mikant_sim.egg-info/SOURCES.txt'
[0.965s] writing manifest file '../../build/mikant_sim/mikant_sim.egg-info/SOURCES.txt'
[0.965s] running build
[0.965s] running build_py
[0.966s] running install
[0.966s] running install_lib
[0.968s] running install_data
[0.969s] copying launch/gazebo.launch.py -> /home/thirawat/Mikant/mikant_sim_ws/install/mikant_sim/share/mikant_sim/launch
[0.970s] copying worlds/rimsra.world -> /home/thirawat/Mikant/mikant_sim_ws/install/mikant_sim/share/mikant_sim/worlds
[0.970s] running install_egg_info
[0.971s] removing '/home/thirawat/Mikant/mikant_sim_ws/install/mikant_sim/lib/python3.8/site-packages/mikant_sim-0.0.0-py3.8.egg-info' (and everything under it)
[0.971s] Copying ../../build/mikant_sim/mikant_sim.egg-info to /home/thirawat/Mikant/mikant_sim_ws/install/mikant_sim/lib/python3.8/site-packages/mikant_sim-0.0.0-py3.8.egg-info
[0.972s] running install_scripts
[0.989s] writing list of installed files to '/home/thirawat/Mikant/mikant_sim_ws/build/mikant_sim/install.log'
[1.012s] Invoked command in '/home/thirawat/Mikant/mikant_sim_ws/src/mikant_sim' returned '0': PYTHONPATH=/home/thirawat/Mikant/mikant_sim_ws/build/mikant_sim/prefix_override:/home/thirawat/Mikant/mikant_sim_ws/install/mikant_sim/lib/python3.8/site-packages:${PYTHONPATH} /usr/bin/python3 setup.py egg_info --egg-base ../../build/mikant_sim build --build-base /home/thirawat/Mikant/mikant_sim_ws/build/mikant_sim/build install --record /home/thirawat/Mikant/mikant_sim_ws/build/mikant_sim/install.log --single-version-externally-managed
