running egg_info
creating ../../build/mikant_description/mikant_description.egg-info
writing ../../build/mikant_description/mikant_description.egg-info/PKG-INFO
writing dependency_links to ../../build/mikant_description/mikant_description.egg-info/dependency_links.txt
writing entry points to ../../build/mikant_description/mikant_description.egg-info/entry_points.txt
writing requirements to ../../build/mikant_description/mikant_description.egg-info/requires.txt
writing top-level names to ../../build/mikant_description/mikant_description.egg-info/top_level.txt
writing manifest file '../../build/mikant_description/mikant_description.egg-info/SOURCES.txt'
reading manifest file '../../build/mikant_description/mikant_description.egg-info/SOURCES.txt'
writing manifest file '../../build/mikant_description/mikant_description.egg-info/SOURCES.txt'
running build
running build_py
creating /home/thirawat/Mikant/mikant_sim_ws/build/mikant_description/build
creating /home/thirawat/Mikant/mikant_sim_ws/build/mikant_description/build/lib
creating /home/thirawat/Mikant/mikant_sim_ws/build/mikant_description/build/lib/mikant_description
copying mikant_description/__init__.py -> /home/thirawat/Mikant/mikant_sim_ws/build/mikant_description/build/lib/mikant_description
running install
running install_lib
creating /home/thirawat/Mikant/mikant_sim_ws/install/mikant_description/lib/python3.8/site-packages/mikant_description
copying /home/thirawat/Mikant/mikant_sim_ws/build/mikant_description/build/lib/mikant_description/__init__.py -> /home/thirawat/Mikant/mikant_sim_ws/install/mikant_description/lib/python3.8/site-packages/mikant_description
byte-compiling /home/thirawat/Mikant/mikant_sim_ws/install/mikant_description/lib/python3.8/site-packages/mikant_description/__init__.py to __init__.cpython-38.pyc
running install_data
creating /home/thirawat/Mikant/mikant_sim_ws/install/mikant_description/share/ament_index
creating /home/thirawat/Mikant/mikant_sim_ws/install/mikant_description/share/ament_index/resource_index
creating /home/thirawat/Mikant/mikant_sim_ws/install/mikant_description/share/ament_index/resource_index/packages
copying resource/mikant_description -> /home/thirawat/Mikant/mikant_sim_ws/install/mikant_description/share/ament_index/resource_index/packages
copying package.xml -> /home/thirawat/Mikant/mikant_sim_ws/install/mikant_description/share/mikant_description
creating /home/thirawat/Mikant/mikant_sim_ws/install/mikant_description/share/mikant_description/urdf
copying urdf/materials.xacro -> /home/thirawat/Mikant/mikant_sim_ws/install/mikant_description/share/mikant_description/urdf
copying urdf/mikant.gazebo -> /home/thirawat/Mikant/mikant_sim_ws/install/mikant_description/share/mikant_description/urdf
copying urdf/mikant.xacro -> /home/thirawat/Mikant/mikant_sim_ws/install/mikant_description/share/mikant_description/urdf
copying urdf/mikant.trans -> /home/thirawat/Mikant/mikant_sim_ws/install/mikant_description/share/mikant_description/urdf
creating /home/thirawat/Mikant/mikant_sim_ws/install/mikant_description/share/mikant_description/meshes
copying meshes/left_propeller_1.stl -> /home/thirawat/Mikant/mikant_sim_ws/install/mikant_description/share/mikant_description/meshes
copying meshes/base_link.stl -> /home/thirawat/Mikant/mikant_sim_ws/install/mikant_description/share/mikant_description/meshes
copying meshes/wingsail_1.stl -> /home/thirawat/Mikant/mikant_sim_ws/install/mikant_description/share/mikant_description/meshes
copying meshes/rudder_1.stl -> /home/thirawat/Mikant/mikant_sim_ws/install/mikant_description/share/mikant_description/meshes
copying meshes/tail_1.stl -> /home/thirawat/Mikant/mikant_sim_ws/install/mikant_description/share/mikant_description/meshes
copying meshes/right_propeller_1.stl -> /home/thirawat/Mikant/mikant_sim_ws/install/mikant_description/share/mikant_description/meshes
running install_egg_info
Copying ../../build/mikant_description/mikant_description.egg-info to /home/thirawat/Mikant/mikant_sim_ws/install/mikant_description/lib/python3.8/site-packages/mikant_description-0.0.0-py3.8.egg-info
running install_scripts
writing list of installed files to '/home/thirawat/Mikant/mikant_sim_ws/build/mikant_description/install.log'
