[0.817s] Invoking command in '/home/thirawat/Mikant/mikant_sim_ws/src/mikant_description': PYTHONPATH=/home/thirawat/Mikant/mikant_sim_ws/build/mikant_description/prefix_override:/home/thirawat/Mikant/mikant_sim_ws/install/mikant_description/lib/python3.8/site-packages:${PYTHONPATH} /usr/bin/python3 setup.py egg_info --egg-base ../../build/mikant_description build --build-base /home/thirawat/Mikant/mikant_sim_ws/build/mikant_description/build install --record /home/thirawat/Mikant/mikant_sim_ws/build/mikant_description/install.log --install-scripts $base/lib/mikant_description --single-version-externally-managed
[0.983s] /home/thirawat/.local/lib/python3.8/site-packages/setuptools/dist.py:717: UserWarning: Usage of dash-separated 'script-dir' will not be supported in future versions. Please use the underscore name 'script_dir' instead
[0.983s]   warnings.warn(
[1.003s] running egg_info
[1.004s] creating ../../build/mikant_description/mikant_description.egg-info
[1.004s] writing ../../build/mikant_description/mikant_description.egg-info/PKG-INFO
[1.004s] writing dependency_links to ../../build/mikant_description/mikant_description.egg-info/dependency_links.txt
[1.004s] writing entry points to ../../build/mikant_description/mikant_description.egg-info/entry_points.txt
[1.004s] writing requirements to ../../build/mikant_description/mikant_description.egg-info/requires.txt
[1.004s] writing top-level names to ../../build/mikant_description/mikant_description.egg-info/top_level.txt
[1.007s] writing manifest file '../../build/mikant_description/mikant_description.egg-info/SOURCES.txt'
[1.008s] reading manifest file '../../build/mikant_description/mikant_description.egg-info/SOURCES.txt'
[1.009s] writing manifest file '../../build/mikant_description/mikant_description.egg-info/SOURCES.txt'
[1.009s] running build
[1.009s] running build_py
[1.010s] creating /home/thirawat/Mikant/mikant_sim_ws/build/mikant_description/build
[1.010s] creating /home/thirawat/Mikant/mikant_sim_ws/build/mikant_description/build/lib
[1.010s] creating /home/thirawat/Mikant/mikant_sim_ws/build/mikant_description/build/lib/mikant_description
[1.010s] copying mikant_description/__init__.py -> /home/thirawat/Mikant/mikant_sim_ws/build/mikant_description/build/lib/mikant_description
[1.010s] running install
[1.010s] running install_lib
[1.011s] creating /home/thirawat/Mikant/mikant_sim_ws/install/mikant_description/lib/python3.8/site-packages/mikant_description
[1.011s] copying /home/thirawat/Mikant/mikant_sim_ws/build/mikant_description/build/lib/mikant_description/__init__.py -> /home/thirawat/Mikant/mikant_sim_ws/install/mikant_description/lib/python3.8/site-packages/mikant_description
[1.011s] byte-compiling /home/thirawat/Mikant/mikant_sim_ws/install/mikant_description/lib/python3.8/site-packages/mikant_description/__init__.py to __init__.cpython-38.pyc
[1.011s] running install_data
[1.012s] creating /home/thirawat/Mikant/mikant_sim_ws/install/mikant_description/share/ament_index
[1.012s] creating /home/thirawat/Mikant/mikant_sim_ws/install/mikant_description/share/ament_index/resource_index
[1.012s] creating /home/thirawat/Mikant/mikant_sim_ws/install/mikant_description/share/ament_index/resource_index/packages
[1.012s] copying resource/mikant_description -> /home/thirawat/Mikant/mikant_sim_ws/install/mikant_description/share/ament_index/resource_index/packages
[1.012s] copying package.xml -> /home/thirawat/Mikant/mikant_sim_ws/install/mikant_description/share/mikant_description
[1.012s] creating /home/thirawat/Mikant/mikant_sim_ws/install/mikant_description/share/mikant_description/urdf
[1.013s] copying urdf/materials.xacro -> /home/thirawat/Mikant/mikant_sim_ws/install/mikant_description/share/mikant_description/urdf
[1.013s] copying urdf/mikant.gazebo -> /home/thirawat/Mikant/mikant_sim_ws/install/mikant_description/share/mikant_description/urdf
[1.013s] copying urdf/mikant.xacro -> /home/thirawat/Mikant/mikant_sim_ws/install/mikant_description/share/mikant_description/urdf
[1.013s] copying urdf/mikant.trans -> /home/thirawat/Mikant/mikant_sim_ws/install/mikant_description/share/mikant_description/urdf
[1.013s] creating /home/thirawat/Mikant/mikant_sim_ws/install/mikant_description/share/mikant_description/meshes
[1.013s] copying meshes/left_propeller_1.stl -> /home/thirawat/Mikant/mikant_sim_ws/install/mikant_description/share/mikant_description/meshes
[1.015s] copying meshes/base_link.stl -> /home/thirawat/Mikant/mikant_sim_ws/install/mikant_description/share/mikant_description/meshes
[1.026s] copying meshes/wingsail_1.stl -> /home/thirawat/Mikant/mikant_sim_ws/install/mikant_description/share/mikant_description/meshes
[1.026s] copying meshes/rudder_1.stl -> /home/thirawat/Mikant/mikant_sim_ws/install/mikant_description/share/mikant_description/meshes
[1.026s] copying meshes/tail_1.stl -> /home/thirawat/Mikant/mikant_sim_ws/install/mikant_description/share/mikant_description/meshes
[1.026s] copying meshes/right_propeller_1.stl -> /home/thirawat/Mikant/mikant_sim_ws/install/mikant_description/share/mikant_description/meshes
[1.030s] running install_egg_info
[1.031s] Copying ../../build/mikant_description/mikant_description.egg-info to /home/thirawat/Mikant/mikant_sim_ws/install/mikant_description/lib/python3.8/site-packages/mikant_description-0.0.0-py3.8.egg-info
[1.032s] running install_scripts
[1.047s] writing list of installed files to '/home/thirawat/Mikant/mikant_sim_ws/build/mikant_description/install.log'
[1.067s] Invoked command in '/home/thirawat/Mikant/mikant_sim_ws/src/mikant_description' returned '0': PYTHONPATH=/home/thirawat/Mikant/mikant_sim_ws/build/mikant_description/prefix_override:/home/thirawat/Mikant/mikant_sim_ws/install/mikant_description/lib/python3.8/site-packages:${PYTHONPATH} /usr/bin/python3 setup.py egg_info --egg-base ../../build/mikant_description build --build-base /home/thirawat/Mikant/mikant_sim_ws/build/mikant_description/build install --record /home/thirawat/Mikant/mikant_sim_ws/build/mikant_description/install.log --install-scripts $base/lib/mikant_description --single-version-externally-managed
