/home/thirawat/Mikant/mikant_sim_ws/install/mikant_description/lib/python3.8/site-packages/mikant_description/__init__.py
/home/thirawat/Mikant/mikant_sim_ws/install/mikant_description/lib/python3.8/site-packages/mikant_description/__pycache__/__init__.cpython-38.pyc
/home/thirawat/Mikant/mikant_sim_ws/install/mikant_description/share/ament_index/resource_index/packages/mikant_description
/home/thirawat/Mikant/mikant_sim_ws/install/mikant_description/share/mikant_description/package.xml
/home/thirawat/Mikant/mikant_sim_ws/install/mikant_description/share/mikant_description/urdf/materials.xacro
/home/thirawat/Mikant/mikant_sim_ws/install/mikant_description/share/mikant_description/urdf/mikant.gazebo
/home/thirawat/Mikant/mikant_sim_ws/install/mikant_description/share/mikant_description/urdf/mikant.xacro
/home/thirawat/Mikant/mikant_sim_ws/install/mikant_description/share/mikant_description/urdf/mikant.trans
/home/thirawat/Mikant/mikant_sim_ws/install/mikant_description/share/mikant_description/meshes/left_propeller_1.stl
/home/thirawat/Mikant/mikant_sim_ws/install/mikant_description/share/mikant_description/meshes/base_link.stl
/home/thirawat/Mikant/mikant_sim_ws/install/mikant_description/share/mikant_description/meshes/wingsail_1.stl
/home/thirawat/Mikant/mikant_sim_ws/install/mikant_description/share/mikant_description/meshes/rudder_1.stl
/home/thirawat/Mikant/mikant_sim_ws/install/mikant_description/share/mikant_description/meshes/tail_1.stl
/home/thirawat/Mikant/mikant_sim_ws/install/mikant_description/share/mikant_description/meshes/right_propeller_1.stl
/home/thirawat/Mikant/mikant_sim_ws/install/mikant_description/lib/python3.8/site-packages/mikant_description-0.0.0-py3.8.egg-info/SOURCES.txt
/home/thirawat/Mikant/mikant_sim_ws/install/mikant_description/lib/python3.8/site-packages/mikant_description-0.0.0-py3.8.egg-info/entry_points.txt
/home/thirawat/Mikant/mikant_sim_ws/install/mikant_description/lib/python3.8/site-packages/mikant_description-0.0.0-py3.8.egg-info/dependency_links.txt
/home/thirawat/Mikant/mikant_sim_ws/install/mikant_description/lib/python3.8/site-packages/mikant_description-0.0.0-py3.8.egg-info/PKG-INFO
/home/thirawat/Mikant/mikant_sim_ws/install/mikant_description/lib/python3.8/site-packages/mikant_description-0.0.0-py3.8.egg-info/zip-safe
/home/thirawat/Mikant/mikant_sim_ws/install/mikant_description/lib/python3.8/site-packages/mikant_description-0.0.0-py3.8.egg-info/top_level.txt
/home/thirawat/Mikant/mikant_sim_ws/install/mikant_description/lib/python3.8/site-packages/mikant_description-0.0.0-py3.8.egg-info/requires.txt
