[0.727s] Invoking command in '/home/thirawat/Mikant/mikant_sim_ws/src/mikant_description': PYTHONPATH=/home/thirawat/Mikant/mikant_sim_ws/build/mikant_description/prefix_override:/home/thirawat/Mikant/mikant_sim_ws/install/mikant_description/lib/python3.8/site-packages:${PYTHONPATH} /usr/bin/python3 setup.py egg_info --egg-base ../../build/mikant_description build --build-base /home/thirawat/Mikant/mikant_sim_ws/build/mikant_description/build install --record /home/thirawat/Mikant/mikant_sim_ws/build/mikant_description/install.log --single-version-externally-managed
[0.911s] running egg_info
[0.912s] writing ../../build/mikant_description/mikant_description.egg-info/PKG-INFO
[0.912s] writing dependency_links to ../../build/mikant_description/mikant_description.egg-info/dependency_links.txt
[0.912s] writing entry points to ../../build/mikant_description/mikant_description.egg-info/entry_points.txt
[0.912s] writing requirements to ../../build/mikant_description/mikant_description.egg-info/requires.txt
[0.912s] writing top-level names to ../../build/mikant_description/mikant_description.egg-info/top_level.txt
[0.915s] reading manifest file '../../build/mikant_description/mikant_description.egg-info/SOURCES.txt'
[0.916s] writing manifest file '../../build/mikant_description/mikant_description.egg-info/SOURCES.txt'
[0.916s] running build
[0.916s] running build_py
[0.916s] running install
[0.917s] running install_lib
[0.918s] running install_data
[0.918s] running install_egg_info
[0.919s] removing '/home/thirawat/Mikant/mikant_sim_ws/install/mikant_description/lib/python3.8/site-packages/mikant_description-0.0.0-py3.8.egg-info' (and everything under it)
[0.919s] Copying ../../build/mikant_description/mikant_description.egg-info to /home/thirawat/Mikant/mikant_sim_ws/install/mikant_description/lib/python3.8/site-packages/mikant_description-0.0.0-py3.8.egg-info
[0.920s] running install_scripts
[0.933s] writing list of installed files to '/home/thirawat/Mikant/mikant_sim_ws/build/mikant_description/install.log'
[0.951s] Invoked command in '/home/thirawat/Mikant/mikant_sim_ws/src/mikant_description' returned '0': PYTHONPATH=/home/thirawat/Mikant/mikant_sim_ws/build/mikant_description/prefix_override:/home/thirawat/Mikant/mikant_sim_ws/install/mikant_description/lib/python3.8/site-packages:${PYTHONPATH} /usr/bin/python3 setup.py egg_info --egg-base ../../build/mikant_description build --build-base /home/thirawat/Mikant/mikant_sim_ws/build/mikant_description/build install --record /home/thirawat/Mikant/mikant_sim_ws/build/mikant_description/install.log --single-version-externally-managed
