running egg_info
creating ../../build/mikant_sim/mikant_sim.egg-info
writing ../../build/mikant_sim/mikant_sim.egg-info/PKG-INFO
writing dependency_links to ../../build/mikant_sim/mikant_sim.egg-info/dependency_links.txt
writing entry points to ../../build/mikant_sim/mikant_sim.egg-info/entry_points.txt
writing requirements to ../../build/mikant_sim/mikant_sim.egg-info/requires.txt
writing top-level names to ../../build/mikant_sim/mikant_sim.egg-info/top_level.txt
writing manifest file '../../build/mikant_sim/mikant_sim.egg-info/SOURCES.txt'
reading manifest file '../../build/mikant_sim/mikant_sim.egg-info/SOURCES.txt'
writing manifest file '../../build/mikant_sim/mikant_sim.egg-info/SOURCES.txt'
running build
running build_py
creating /home/thirawat/Mikant/mikant_sim_ws/build/mikant_sim/build
creating /home/thirawat/Mikant/mikant_sim_ws/build/mikant_sim/build/lib
creating /home/thirawat/Mikant/mikant_sim_ws/build/mikant_sim/build/lib/mikant_sim
copying mikant_sim/__init__.py -> /home/thirawat/Mikant/mikant_sim_ws/build/mikant_sim/build/lib/mikant_sim
running install
running install_lib
creating /home/thirawat/Mikant/mikant_sim_ws/install/mikant_sim/lib/python3.8/site-packages/mikant_sim
copying /home/thirawat/Mikant/mikant_sim_ws/build/mikant_sim/build/lib/mikant_sim/__init__.py -> /home/thirawat/Mikant/mikant_sim_ws/install/mikant_sim/lib/python3.8/site-packages/mikant_sim
byte-compiling /home/thirawat/Mikant/mikant_sim_ws/install/mikant_sim/lib/python3.8/site-packages/mikant_sim/__init__.py to __init__.cpython-38.pyc
running install_data
creating /home/thirawat/Mikant/mikant_sim_ws/install/mikant_sim/share/ament_index
creating /home/thirawat/Mikant/mikant_sim_ws/install/mikant_sim/share/ament_index/resource_index
creating /home/thirawat/Mikant/mikant_sim_ws/install/mikant_sim/share/ament_index/resource_index/packages
copying resource/mikant_sim -> /home/thirawat/Mikant/mikant_sim_ws/install/mikant_sim/share/ament_index/resource_index/packages
copying package.xml -> /home/thirawat/Mikant/mikant_sim_ws/install/mikant_sim/share/mikant_sim
creating /home/thirawat/Mikant/mikant_sim_ws/install/mikant_sim/share/mikant_sim/launch
copying launch/display.launch.py -> /home/thirawat/Mikant/mikant_sim_ws/install/mikant_sim/share/mikant_sim/launch
copying launch/gazebo.launch.py -> /home/thirawat/Mikant/mikant_sim_ws/install/mikant_sim/share/mikant_sim/launch
creating /home/thirawat/Mikant/mikant_sim_ws/install/mikant_sim/share/mikant_sim/config
copying config/display.rviz -> /home/thirawat/Mikant/mikant_sim_ws/install/mikant_sim/share/mikant_sim/config
creating /home/thirawat/Mikant/mikant_sim_ws/install/mikant_sim/share/mikant_sim/worlds
copying worlds/rimsra.world -> /home/thirawat/Mikant/mikant_sim_ws/install/mikant_sim/share/mikant_sim/worlds
running install_egg_info
Copying ../../build/mikant_sim/mikant_sim.egg-info to /home/thirawat/Mikant/mikant_sim_ws/install/mikant_sim/lib/python3.8/site-packages/mikant_sim-0.0.0-py3.8.egg-info
running install_scripts
writing list of installed files to '/home/thirawat/Mikant/mikant_sim_ws/build/mikant_sim/install.log'
