[0.791s] Invoking command in '/home/thirawat/Mikant/mikant_sim_ws/src/mikant_sim': PYTHONPATH=/home/thirawat/Mikant/mikant_sim_ws/build/mikant_sim/prefix_override:/home/thirawat/Mikant/mikant_sim_ws/install/mikant_sim/lib/python3.8/site-packages:${PYTHONPATH} /usr/bin/python3 setup.py egg_info --egg-base ../../build/mikant_sim build --build-base /home/thirawat/Mikant/mikant_sim_ws/build/mikant_sim/build install --record /home/thirawat/Mikant/mikant_sim_ws/build/mikant_sim/install.log --install-scripts $base/lib/mikant_sim --single-version-externally-managed
[0.963s] /home/thirawat/.local/lib/python3.8/site-packages/setuptools/dist.py:717: UserWarning: Usage of dash-separated 'script-dir' will not be supported in future versions. Please use the underscore name 'script_dir' instead
[0.964s]   warnings.warn(
[0.984s] running egg_info
[0.985s] creating ../../build/mikant_sim/mikant_sim.egg-info
[0.985s] writing ../../build/mikant_sim/mikant_sim.egg-info/PKG-INFO
[0.985s] writing dependency_links to ../../build/mikant_sim/mikant_sim.egg-info/dependency_links.txt
[0.985s] writing entry points to ../../build/mikant_sim/mikant_sim.egg-info/entry_points.txt
[0.985s] writing requirements to ../../build/mikant_sim/mikant_sim.egg-info/requires.txt
[0.985s] writing top-level names to ../../build/mikant_sim/mikant_sim.egg-info/top_level.txt
[0.987s] writing manifest file '../../build/mikant_sim/mikant_sim.egg-info/SOURCES.txt'
[0.989s] reading manifest file '../../build/mikant_sim/mikant_sim.egg-info/SOURCES.txt'
[0.989s] writing manifest file '../../build/mikant_sim/mikant_sim.egg-info/SOURCES.txt'
[0.990s] running build
[0.990s] running build_py
[0.990s] creating /home/thirawat/Mikant/mikant_sim_ws/build/mikant_sim/build
[0.990s] creating /home/thirawat/Mikant/mikant_sim_ws/build/mikant_sim/build/lib
[0.990s] creating /home/thirawat/Mikant/mikant_sim_ws/build/mikant_sim/build/lib/mikant_sim
[0.990s] copying mikant_sim/__init__.py -> /home/thirawat/Mikant/mikant_sim_ws/build/mikant_sim/build/lib/mikant_sim
[0.991s] running install
[0.991s] running install_lib
[0.991s] creating /home/thirawat/Mikant/mikant_sim_ws/install/mikant_sim/lib/python3.8/site-packages/mikant_sim
[0.991s] copying /home/thirawat/Mikant/mikant_sim_ws/build/mikant_sim/build/lib/mikant_sim/__init__.py -> /home/thirawat/Mikant/mikant_sim_ws/install/mikant_sim/lib/python3.8/site-packages/mikant_sim
[0.991s] byte-compiling /home/thirawat/Mikant/mikant_sim_ws/install/mikant_sim/lib/python3.8/site-packages/mikant_sim/__init__.py to __init__.cpython-38.pyc
[0.992s] running install_data
[0.992s] creating /home/thirawat/Mikant/mikant_sim_ws/install/mikant_sim/share/ament_index
[0.992s] creating /home/thirawat/Mikant/mikant_sim_ws/install/mikant_sim/share/ament_index/resource_index
[0.993s] creating /home/thirawat/Mikant/mikant_sim_ws/install/mikant_sim/share/ament_index/resource_index/packages
[0.993s] copying resource/mikant_sim -> /home/thirawat/Mikant/mikant_sim_ws/install/mikant_sim/share/ament_index/resource_index/packages
[0.993s] copying package.xml -> /home/thirawat/Mikant/mikant_sim_ws/install/mikant_sim/share/mikant_sim
[0.993s] creating /home/thirawat/Mikant/mikant_sim_ws/install/mikant_sim/share/mikant_sim/launch
[0.993s] copying launch/display.launch.py -> /home/thirawat/Mikant/mikant_sim_ws/install/mikant_sim/share/mikant_sim/launch
[0.993s] copying launch/gazebo.launch.py -> /home/thirawat/Mikant/mikant_sim_ws/install/mikant_sim/share/mikant_sim/launch
[0.993s] creating /home/thirawat/Mikant/mikant_sim_ws/install/mikant_sim/share/mikant_sim/config
[0.993s] copying config/display.rviz -> /home/thirawat/Mikant/mikant_sim_ws/install/mikant_sim/share/mikant_sim/config
[0.993s] creating /home/thirawat/Mikant/mikant_sim_ws/install/mikant_sim/share/mikant_sim/worlds
[0.994s] copying worlds/rimsra.world -> /home/thirawat/Mikant/mikant_sim_ws/install/mikant_sim/share/mikant_sim/worlds
[0.994s] running install_egg_info
[0.994s] Copying ../../build/mikant_sim/mikant_sim.egg-info to /home/thirawat/Mikant/mikant_sim_ws/install/mikant_sim/lib/python3.8/site-packages/mikant_sim-0.0.0-py3.8.egg-info
[0.994s] running install_scripts
[1.010s] writing list of installed files to '/home/thirawat/Mikant/mikant_sim_ws/build/mikant_sim/install.log'
[1.025s] Invoked command in '/home/thirawat/Mikant/mikant_sim_ws/src/mikant_sim' returned '0': PYTHONPATH=/home/thirawat/Mikant/mikant_sim_ws/build/mikant_sim/prefix_override:/home/thirawat/Mikant/mikant_sim_ws/install/mikant_sim/lib/python3.8/site-packages:${PYTHONPATH} /usr/bin/python3 setup.py egg_info --egg-base ../../build/mikant_sim build --build-base /home/thirawat/Mikant/mikant_sim_ws/build/mikant_sim/build install --record /home/thirawat/Mikant/mikant_sim_ws/build/mikant_sim/install.log --install-scripts $base/lib/mikant_sim --single-version-externally-managed
