[0.808s] Invoking command in '/home/thirawat/Mikant/mikant_sim_ws/src/mikant_description': PYTHONPATH=/home/thirawat/Mikant/mikant_sim_ws/build/mikant_description/prefix_override:/home/thirawat/Mikant/mikant_sim_ws/install/mikant_description/lib/python3.8/site-packages:${PYTHONPATH} /usr/bin/python3 setup.py egg_info --egg-base ../../build/mikant_description build --build-base /home/thirawat/Mikant/mikant_sim_ws/build/mikant_description/build install --record /home/thirawat/Mikant/mikant_sim_ws/build/mikant_description/install.log --single-version-externally-managed
[0.991s] running egg_info
[0.991s] writing ../../build/mikant_description/mikant_description.egg-info/PKG-INFO
[0.992s] writing dependency_links to ../../build/mikant_description/mikant_description.egg-info/dependency_links.txt
[0.992s] writing entry points to ../../build/mikant_description/mikant_description.egg-info/entry_points.txt
[0.992s] writing requirements to ../../build/mikant_description/mikant_description.egg-info/requires.txt
[0.992s] writing top-level names to ../../build/mikant_description/mikant_description.egg-info/top_level.txt
[0.994s] reading manifest file '../../build/mikant_description/mikant_description.egg-info/SOURCES.txt'
[0.995s] writing manifest file '../../build/mikant_description/mikant_description.egg-info/SOURCES.txt'
[0.995s] running build
[0.995s] running build_py
[0.996s] running install
[0.997s] running install_lib
[0.999s] running install_data
[1.000s] copying urdf/mikant.xacro -> /home/thirawat/Mikant/mikant_sim_ws/install/mikant_description/share/mikant_description/urdf
[1.000s] running install_egg_info
[1.002s] removing '/home/thirawat/Mikant/mikant_sim_ws/install/mikant_description/lib/python3.8/site-packages/mikant_description-0.0.0-py3.8.egg-info' (and everything under it)
[1.002s] Copying ../../build/mikant_description/mikant_description.egg-info to /home/thirawat/Mikant/mikant_sim_ws/install/mikant_description/lib/python3.8/site-packages/mikant_description-0.0.0-py3.8.egg-info
[1.002s] running install_scripts
[1.021s] writing list of installed files to '/home/thirawat/Mikant/mikant_sim_ws/build/mikant_description/install.log'
[1.064s] Invoked command in '/home/thirawat/Mikant/mikant_sim_ws/src/mikant_description' returned '0': PYTHONPATH=/home/thirawat/Mikant/mikant_sim_ws/build/mikant_description/prefix_override:/home/thirawat/Mikant/mikant_sim_ws/install/mikant_description/lib/python3.8/site-packages:${PYTHONPATH} /usr/bin/python3 setup.py egg_info --egg-base ../../build/mikant_description build --build-base /home/thirawat/Mikant/mikant_sim_ws/build/mikant_description/build install --record /home/thirawat/Mikant/mikant_sim_ws/build/mikant_description/install.log --single-version-externally-managed
