[0.223s] Invoking command in '/home/thirawat/Mikant/mikant_sim_ws/build/mikant_gazebo_plugins': /usr/bin/cmake --build /home/thirawat/Mikant/mikant_sim_ws/build/mikant_gazebo_plugins -- -j4 -l4
[0.260s] -- Found ament_cmake: 0.9.11 (/opt/ros/foxy/share/ament_cmake/cmake)
[0.290s] -- Using PYTHON_EXECUTABLE: /usr/bin/python3
[0.518s] -- Found DART: /usr/include (Required is at least version "6.6") found components: dart 
[0.553s] -- Found Protobuf: /usr/lib/x86_64-linux-gnu/libprotobuf.so;-lpthread (found version "3.6.1") 
[0.556s] -- Looking for ignition-math6 -- found version 6.13.0
[0.563s] -- Searching for dependencies of ignition-math6
[0.566s] -- Looking for OGRE...
[0.571s] -- Found Ogre Ghadamon (1.9.0)
[0.571s] -- Found OGRE: optimized;/usr/lib/x86_64-linux-gnu/libOgreMain.so;debug;/usr/lib/x86_64-linux-gnu/libOgreMain.so
[0.580s] -- Looking for OGRE_Paging...
[0.580s] -- Found OGRE_Paging: optimized;/usr/lib/x86_64-linux-gnu/libOgrePaging.so;debug;/usr/lib/x86_64-linux-gnu/libOgrePaging.so
[0.580s] -- Looking for OGRE_Terrain...
[0.580s] -- Found OGRE_Terrain: optimized;/usr/lib/x86_64-linux-gnu/libOgreTerrain.so;debug;/usr/lib/x86_64-linux-gnu/libOgreTerrain.so
[0.581s] -- Looking for OGRE_Property...
[0.581s] -- Found OGRE_Property: optimized;/usr/lib/x86_64-linux-gnu/libOgreProperty.so;debug;/usr/lib/x86_64-linux-gnu/libOgreProperty.so
[0.581s] -- Looking for OGRE_RTShaderSystem...
[0.581s] -- Found OGRE_RTShaderSystem: optimized;/usr/lib/x86_64-linux-gnu/libOgreRTShaderSystem.so;debug;/usr/lib/x86_64-linux-gnu/libOgreRTShaderSystem.so
[0.581s] -- Looking for OGRE_Volume...
[0.581s] -- Found OGRE_Volume: optimized;/usr/lib/x86_64-linux-gnu/libOgreVolume.so;debug;/usr/lib/x86_64-linux-gnu/libOgreVolume.so
[0.581s] -- Looking for OGRE_Overlay...
[0.581s] -- Found OGRE_Overlay: optimized;/usr/lib/x86_64-linux-gnu/libOgreOverlay.so;debug;/usr/lib/x86_64-linux-gnu/libOgreOverlay.so
[0.727s] -- Looking for ignition-math6 -- found version 6.13.0
[0.728s] -- Looking for ignition-transport8 -- found version 8.3.0
[0.728s] -- Searching for dependencies of ignition-transport8
[0.747s] -- Found Protobuf: /usr/lib/x86_64-linux-gnu/libprotobuf.so;-lpthread (found suitable version "3.6.1", minimum required is "3") 
[0.758s] -- Config-file not installed for ZeroMQ -- checking for pkg-config
[0.762s] -- Checking for module 'libzmq >= 4'
[0.776s] --   Found libzmq , version 4.3.2
[0.812s] -- Checking for module 'uuid'
[0.825s] --   Found uuid, version 2.34.0
[0.852s] -- Looking for ignition-msgs5 -- found version 5.10.0
[0.852s] -- Searching for dependencies of ignition-msgs5
[0.869s] -- Looking for ignition-math6 -- found version 6.13.0
[0.873s] -- Checking for module 'tinyxml2'
[0.885s] --   Found tinyxml2, version 6.2.0
[0.912s] -- Looking for ignition-msgs5 -- found version 5.10.0
[0.913s] -- Looking for ignition-common3 -- found version 3.14.2
[0.913s] -- Searching for dependencies of ignition-common3
[0.914s] -- Looking for dlfcn.h - found
[0.914s] -- Looking for libdl - found
[0.923s] -- Searching for <ignition-common3> component [graphics]
[0.923s] -- Looking for ignition-common3-graphics -- found version 3.14.2
[0.924s] -- Searching for dependencies of ignition-common3-graphics
[0.924s] -- Looking for ignition-math6 -- found version 6.13.0
[0.926s] -- Looking for ignition-fuel_tools4 -- found version 4.6.0
[0.927s] -- Searching for dependencies of ignition-fuel_tools4
[0.952s] -- Checking for module 'jsoncpp'
[0.964s] --   Found jsoncpp, version 1.7.4
[0.997s] -- Checking for module 'libzip'
[1.010s] --   Found libzip, version 1.5.1
[1.039s] -- Looking for ignition-common3 -- found version 3.14.2
[1.039s] -- Looking for ignition-math6 -- found version 6.13.0
[1.041s] -- Looking for ignition-msgs5 -- found version 5.10.0
[1.041s] -- Found gazebo_ros: 3.5.3 (/home/thirawat/ros2_ws/install/gazebo_ros/share/gazebo_ros/cmake)
[1.085s] -- Using all available rosidl_typesupport_c: rosidl_typesupport_fastrtps_c;rosidl_typesupport_introspection_c
[1.090s] -- Found rosidl_adapter: 1.3.0 (/opt/ros/foxy/share/rosidl_adapter/cmake)
[1.212s] -- Using all available rosidl_typesupport_cpp: rosidl_typesupport_fastrtps_cpp;rosidl_typesupport_introspection_cpp
[1.267s] -- Found rmw_implementation_cmake: 1.0.3 (/opt/ros/foxy/share/rmw_implementation_cmake/cmake)
[1.271s] -- Using RMW implementation 'rmw_fastrtps_cpp' as default
[1.412s] -- Gazebo version: 11.11
[1.441s] CMake Error in CMakeLists.txt:
[1.441s]   A logical block opening on the line
[1.441s] 
[1.442s]     /home/thirawat/Mikant/mikant_sim_ws/src/mikant_gazebo_plugins/CMakeLists.txt:48 (if)
[1.442s] 
[1.442s]   is not closed.
[1.442s] 
[1.442s] 
[1.443s] -- Configuring incomplete, errors occurred!
[1.443s] See also "/home/thirawat/Mikant/mikant_sim_ws/build/mikant_gazebo_plugins/CMakeFiles/CMakeOutput.log".
[1.443s] See also "/home/thirawat/Mikant/mikant_sim_ws/build/mikant_gazebo_plugins/CMakeFiles/CMakeError.log".
[1.449s] make: *** [Makefile:266: cmake_check_build_system] Error 1
[1.450s] Invoked command in '/home/thirawat/Mikant/mikant_sim_ws/build/mikant_gazebo_plugins' returned '2': /usr/bin/cmake --build /home/thirawat/Mikant/mikant_sim_ws/build/mikant_gazebo_plugins -- -j4 -l4
