[0.119s] DEBUG:colcon:Command line arguments: ['/usr/bin/colcon', 'build']
[0.119s] DEBUG:colcon:Parsed command line arguments: Namespace(allow_overriding=[], ament_cmake_args=None, base_paths=['.'], build_base='build', catkin_cmake_args=None, catkin_skip_building_tests=False, cmake_args=None, cmake_clean_cache=False, cmake_clean_first=False, cmake_force_configure=False, cmake_target=None, cmake_target_skip_unavailable=False, continue_on_error=False, event_handlers=None, executor='parallel', ignore_user_meta=False, install_base='install', log_base=None, log_level=None, main=<bound method BuildVerb.main of <colcon_core.verb.build.BuildVerb object at 0x7f9c238cc310>>, merge_install=False, metas=['./colcon.meta'], packages_above=None, packages_above_and_dependencies=None, packages_above_depth=None, packages_end=None, packages_ignore=None, packages_ignore_regex=None, packages_select=None, packages_select_build_failed=False, packages_select_by_dep=None, packages_select_regex=None, packages_select_test_failures=False, packages_skip=None, packages_skip_build_finished=False, packages_skip_by_dep=None, packages_skip_regex=None, packages_skip_test_passed=False, packages_skip_up_to=None, packages_start=None, packages_up_to=None, packages_up_to_regex=None, parallel_workers=4, paths=None, symlink_install=False, test_result_base=None, verb_extension=<colcon_core.verb.build.BuildVerb object at 0x7f9c238cc310>, verb_name='build', verb_parser=<colcon_defaults.argument_parser.defaults.DefaultArgumentsDecorator object at 0x7f9c238cc850>)
[0.140s] Level 1:colcon.colcon_core.package_discovery:discover_packages(colcon_meta) check parameters
[0.140s] Level 1:colcon.colcon_core.package_discovery:discover_packages(recursive) check parameters
[0.140s] Level 1:colcon.colcon_core.package_discovery:discover_packages(ignore) check parameters
[0.140s] Level 1:colcon.colcon_core.package_discovery:discover_packages(path) check parameters
[0.140s] Level 1:colcon.colcon_core.package_discovery:discover_packages(colcon_meta) discover
[0.140s] Level 1:colcon.colcon_core.package_discovery:discover_packages(recursive) discover
[0.140s] INFO:colcon.colcon_core.package_discovery:Crawling recursively for packages in '/home/thirawat/Mikant/mikant_sim_ws'
[0.140s] Level 1:colcon.colcon_core.package_identification:_identify(.) by extensions ['ignore', 'ignore_ament_install']
[0.140s] Level 1:colcon.colcon_core.package_identification:_identify(.) by extension 'ignore'
[0.140s] Level 1:colcon.colcon_core.package_identification:_identify(.) by extension 'ignore_ament_install'
[0.140s] Level 1:colcon.colcon_core.package_identification:_identify(.) by extensions ['colcon_pkg']
[0.140s] Level 1:colcon.colcon_core.package_identification:_identify(.) by extension 'colcon_pkg'
[0.140s] Level 1:colcon.colcon_core.package_identification:_identify(.) by extensions ['colcon_meta']
[0.140s] Level 1:colcon.colcon_core.package_identification:_identify(.) by extension 'colcon_meta'
[0.140s] Level 1:colcon.colcon_core.package_identification:_identify(.) by extensions ['ros']
[0.140s] Level 1:colcon.colcon_core.package_identification:_identify(.) by extension 'ros'
[0.148s] Level 1:colcon.colcon_core.package_identification:_identify(.) by extensions ['cmake', 'python']
[0.148s] Level 1:colcon.colcon_core.package_identification:_identify(.) by extension 'cmake'
[0.148s] Level 1:colcon.colcon_core.package_identification:_identify(.) by extension 'python'
[0.148s] Level 1:colcon.colcon_core.package_identification:_identify(.) by extensions ['python_setup_py']
[0.148s] Level 1:colcon.colcon_core.package_identification:_identify(.) by extension 'python_setup_py'
[0.148s] Level 1:colcon.colcon_core.package_identification:_identify(build) by extensions ['ignore', 'ignore_ament_install']
[0.148s] Level 1:colcon.colcon_core.package_identification:_identify(build) by extension 'ignore'
[0.148s] Level 1:colcon.colcon_core.package_identification:_identify(build) ignored
[0.148s] Level 1:colcon.colcon_core.package_identification:_identify(install) by extensions ['ignore', 'ignore_ament_install']
[0.148s] Level 1:colcon.colcon_core.package_identification:_identify(install) by extension 'ignore'
[0.148s] Level 1:colcon.colcon_core.package_identification:_identify(install) ignored
[0.148s] Level 1:colcon.colcon_core.package_identification:_identify(log) by extensions ['ignore', 'ignore_ament_install']
[0.148s] Level 1:colcon.colcon_core.package_identification:_identify(log) by extension 'ignore'
[0.148s] Level 1:colcon.colcon_core.package_identification:_identify(log) ignored
[0.148s] Level 1:colcon.colcon_core.package_identification:_identify(src) by extensions ['ignore', 'ignore_ament_install']
[0.149s] Level 1:colcon.colcon_core.package_identification:_identify(src) by extension 'ignore'
[0.149s] Level 1:colcon.colcon_core.package_identification:_identify(src) by extension 'ignore_ament_install'
[0.149s] Level 1:colcon.colcon_core.package_identification:_identify(src) by extensions ['colcon_pkg']
[0.149s] Level 1:colcon.colcon_core.package_identification:_identify(src) by extension 'colcon_pkg'
[0.149s] Level 1:colcon.colcon_core.package_identification:_identify(src) by extensions ['colcon_meta']
[0.149s] Level 1:colcon.colcon_core.package_identification:_identify(src) by extension 'colcon_meta'
[0.149s] Level 1:colcon.colcon_core.package_identification:_identify(src) by extensions ['ros']
[0.149s] Level 1:colcon.colcon_core.package_identification:_identify(src) by extension 'ros'
[0.149s] Level 1:colcon.colcon_core.package_identification:_identify(src) by extensions ['cmake', 'python']
[0.149s] Level 1:colcon.colcon_core.package_identification:_identify(src) by extension 'cmake'
[0.149s] Level 1:colcon.colcon_core.package_identification:_identify(src) by extension 'python'
[0.149s] Level 1:colcon.colcon_core.package_identification:_identify(src) by extensions ['python_setup_py']
[0.149s] Level 1:colcon.colcon_core.package_identification:_identify(src) by extension 'python_setup_py'
[0.149s] Level 1:colcon.colcon_core.package_identification:_identify(src/mikant_description) by extensions ['ignore', 'ignore_ament_install']
[0.149s] Level 1:colcon.colcon_core.package_identification:_identify(src/mikant_description) by extension 'ignore'
[0.149s] Level 1:colcon.colcon_core.package_identification:_identify(src/mikant_description) by extension 'ignore_ament_install'
[0.149s] Level 1:colcon.colcon_core.package_identification:_identify(src/mikant_description) by extensions ['colcon_pkg']
[0.149s] Level 1:colcon.colcon_core.package_identification:_identify(src/mikant_description) by extension 'colcon_pkg'
[0.149s] Level 1:colcon.colcon_core.package_identification:_identify(src/mikant_description) by extensions ['colcon_meta']
[0.149s] Level 1:colcon.colcon_core.package_identification:_identify(src/mikant_description) by extension 'colcon_meta'
[0.149s] Level 1:colcon.colcon_core.package_identification:_identify(src/mikant_description) by extensions ['ros']
[0.149s] Level 1:colcon.colcon_core.package_identification:_identify(src/mikant_description) by extension 'ros'
[0.151s] DEBUG:colcon.colcon_core.package_identification:Package 'src/mikant_description' with type 'ros.ament_python' and name 'mikant_description'
[0.151s] Level 1:colcon.colcon_core.package_identification:_identify(src/mikant_gazebo_plugins) by extensions ['ignore', 'ignore_ament_install']
[0.151s] Level 1:colcon.colcon_core.package_identification:_identify(src/mikant_gazebo_plugins) by extension 'ignore'
[0.151s] Level 1:colcon.colcon_core.package_identification:_identify(src/mikant_gazebo_plugins) by extension 'ignore_ament_install'
[0.152s] Level 1:colcon.colcon_core.package_identification:_identify(src/mikant_gazebo_plugins) by extensions ['colcon_pkg']
[0.152s] Level 1:colcon.colcon_core.package_identification:_identify(src/mikant_gazebo_plugins) by extension 'colcon_pkg'
[0.152s] Level 1:colcon.colcon_core.package_identification:_identify(src/mikant_gazebo_plugins) by extensions ['colcon_meta']
[0.152s] Level 1:colcon.colcon_core.package_identification:_identify(src/mikant_gazebo_plugins) by extension 'colcon_meta'
[0.152s] Level 1:colcon.colcon_core.package_identification:_identify(src/mikant_gazebo_plugins) by extensions ['ros']
[0.152s] Level 1:colcon.colcon_core.package_identification:_identify(src/mikant_gazebo_plugins) by extension 'ros'
[0.154s] DEBUG:colcon.colcon_core.package_identification:Package 'src/mikant_gazebo_plugins' with type 'ros.ament_cmake' and name 'mikant_gazebo_plugins'
[0.154s] Level 1:colcon.colcon_core.package_identification:_identify(src/mikant_sim) by extensions ['ignore', 'ignore_ament_install']
[0.154s] Level 1:colcon.colcon_core.package_identification:_identify(src/mikant_sim) by extension 'ignore'
[0.154s] Level 1:colcon.colcon_core.package_identification:_identify(src/mikant_sim) by extension 'ignore_ament_install'
[0.154s] Level 1:colcon.colcon_core.package_identification:_identify(src/mikant_sim) by extensions ['colcon_pkg']
[0.154s] Level 1:colcon.colcon_core.package_identification:_identify(src/mikant_sim) by extension 'colcon_pkg'
[0.155s] Level 1:colcon.colcon_core.package_identification:_identify(src/mikant_sim) by extensions ['colcon_meta']
[0.155s] Level 1:colcon.colcon_core.package_identification:_identify(src/mikant_sim) by extension 'colcon_meta'
[0.155s] Level 1:colcon.colcon_core.package_identification:_identify(src/mikant_sim) by extensions ['ros']
[0.155s] Level 1:colcon.colcon_core.package_identification:_identify(src/mikant_sim) by extension 'ros'
[0.155s] DEBUG:colcon.colcon_core.package_identification:Package 'src/mikant_sim' with type 'ros.ament_python' and name 'mikant_sim'
[0.156s] Level 1:colcon.colcon_core.package_discovery:discover_packages(recursive) using defaults
[0.156s] Level 1:colcon.colcon_core.package_discovery:discover_packages(ignore) discover
[0.156s] Level 1:colcon.colcon_core.package_discovery:discover_packages(ignore) using defaults
[0.156s] Level 1:colcon.colcon_core.package_discovery:discover_packages(path) discover
[0.156s] Level 1:colcon.colcon_core.package_discovery:discover_packages(path) using defaults
[0.174s] Level 1:colcon.colcon_core.package_discovery:discover_packages(prefix_path) check parameters
[0.174s] Level 1:colcon.colcon_core.package_discovery:discover_packages(prefix_path) discover
[0.177s] DEBUG:colcon.colcon_installed_package_information.package_discovery:Found 3 installed packages in /home/thirawat/mikant_sim_ws/install
[0.178s] DEBUG:colcon.colcon_installed_package_information.package_discovery:Found 14 installed packages in /home/thirawat/sailboat_ws/install
[0.179s] DEBUG:colcon.colcon_installed_package_information.package_discovery:Found 19 installed packages in /home/thirawat/ros2_ws/install
[0.180s] DEBUG:colcon.colcon_installed_package_information.package_discovery:Found 268 installed packages in /opt/ros/foxy
[0.182s] Level 1:colcon.colcon_core.package_discovery:discover_packages(prefix_path) using defaults
[0.235s] Level 5:colcon.colcon_core.verb:set package 'mikant_description' build argument 'cmake_args' from command line to 'None'
[0.235s] Level 5:colcon.colcon_core.verb:set package 'mikant_description' build argument 'cmake_target' from command line to 'None'
[0.235s] Level 5:colcon.colcon_core.verb:set package 'mikant_description' build argument 'cmake_target_skip_unavailable' from command line to 'False'
[0.235s] Level 5:colcon.colcon_core.verb:set package 'mikant_description' build argument 'cmake_clean_cache' from command line to 'False'
[0.235s] Level 5:colcon.colcon_core.verb:set package 'mikant_description' build argument 'cmake_clean_first' from command line to 'False'
[0.235s] Level 5:colcon.colcon_core.verb:set package 'mikant_description' build argument 'cmake_force_configure' from command line to 'False'
[0.235s] Level 5:colcon.colcon_core.verb:set package 'mikant_description' build argument 'ament_cmake_args' from command line to 'None'
[0.235s] Level 5:colcon.colcon_core.verb:set package 'mikant_description' build argument 'catkin_cmake_args' from command line to 'None'
[0.235s] Level 5:colcon.colcon_core.verb:set package 'mikant_description' build argument 'catkin_skip_building_tests' from command line to 'False'
[0.235s] DEBUG:colcon.colcon_core.verb:Building package 'mikant_description' with the following arguments: {'ament_cmake_args': None, 'build_base': '/home/thirawat/Mikant/mikant_sim_ws/build/mikant_description', 'catkin_cmake_args': None, 'catkin_skip_building_tests': False, 'cmake_args': None, 'cmake_clean_cache': False, 'cmake_clean_first': False, 'cmake_force_configure': False, 'cmake_target': None, 'cmake_target_skip_unavailable': False, 'install_base': '/home/thirawat/Mikant/mikant_sim_ws/install/mikant_description', 'merge_install': False, 'path': '/home/thirawat/Mikant/mikant_sim_ws/src/mikant_description', 'symlink_install': False, 'test_result_base': None}
[0.236s] Level 5:colcon.colcon_core.verb:set package 'mikant_gazebo_plugins' build argument 'cmake_args' from command line to 'None'
[0.236s] Level 5:colcon.colcon_core.verb:set package 'mikant_gazebo_plugins' build argument 'cmake_target' from command line to 'None'
[0.236s] Level 5:colcon.colcon_core.verb:set package 'mikant_gazebo_plugins' build argument 'cmake_target_skip_unavailable' from command line to 'False'
[0.236s] Level 5:colcon.colcon_core.verb:set package 'mikant_gazebo_plugins' build argument 'cmake_clean_cache' from command line to 'False'
[0.236s] Level 5:colcon.colcon_core.verb:set package 'mikant_gazebo_plugins' build argument 'cmake_clean_first' from command line to 'False'
[0.236s] Level 5:colcon.colcon_core.verb:set package 'mikant_gazebo_plugins' build argument 'cmake_force_configure' from command line to 'False'
[0.236s] Level 5:colcon.colcon_core.verb:set package 'mikant_gazebo_plugins' build argument 'ament_cmake_args' from command line to 'None'
[0.236s] Level 5:colcon.colcon_core.verb:set package 'mikant_gazebo_plugins' build argument 'catkin_cmake_args' from command line to 'None'
[0.236s] Level 5:colcon.colcon_core.verb:set package 'mikant_gazebo_plugins' build argument 'catkin_skip_building_tests' from command line to 'False'
[0.236s] DEBUG:colcon.colcon_core.verb:Building package 'mikant_gazebo_plugins' with the following arguments: {'ament_cmake_args': None, 'build_base': '/home/thirawat/Mikant/mikant_sim_ws/build/mikant_gazebo_plugins', 'catkin_cmake_args': None, 'catkin_skip_building_tests': False, 'cmake_args': None, 'cmake_clean_cache': False, 'cmake_clean_first': False, 'cmake_force_configure': False, 'cmake_target': None, 'cmake_target_skip_unavailable': False, 'install_base': '/home/thirawat/Mikant/mikant_sim_ws/install/mikant_gazebo_plugins', 'merge_install': False, 'path': '/home/thirawat/Mikant/mikant_sim_ws/src/mikant_gazebo_plugins', 'symlink_install': False, 'test_result_base': None}
[0.237s] Level 5:colcon.colcon_core.verb:set package 'mikant_sim' build argument 'cmake_args' from command line to 'None'
[0.237s] Level 5:colcon.colcon_core.verb:set package 'mikant_sim' build argument 'cmake_target' from command line to 'None'
[0.237s] Level 5:colcon.colcon_core.verb:set package 'mikant_sim' build argument 'cmake_target_skip_unavailable' from command line to 'False'
[0.237s] Level 5:colcon.colcon_core.verb:set package 'mikant_sim' build argument 'cmake_clean_cache' from command line to 'False'
[0.237s] Level 5:colcon.colcon_core.verb:set package 'mikant_sim' build argument 'cmake_clean_first' from command line to 'False'
[0.237s] Level 5:colcon.colcon_core.verb:set package 'mikant_sim' build argument 'cmake_force_configure' from command line to 'False'
[0.237s] Level 5:colcon.colcon_core.verb:set package 'mikant_sim' build argument 'ament_cmake_args' from command line to 'None'
[0.237s] Level 5:colcon.colcon_core.verb:set package 'mikant_sim' build argument 'catkin_cmake_args' from command line to 'None'
[0.237s] Level 5:colcon.colcon_core.verb:set package 'mikant_sim' build argument 'catkin_skip_building_tests' from command line to 'False'
[0.237s] DEBUG:colcon.colcon_core.verb:Building package 'mikant_sim' with the following arguments: {'ament_cmake_args': None, 'build_base': '/home/thirawat/Mikant/mikant_sim_ws/build/mikant_sim', 'catkin_cmake_args': None, 'catkin_skip_building_tests': False, 'cmake_args': None, 'cmake_clean_cache': False, 'cmake_clean_first': False, 'cmake_force_configure': False, 'cmake_target': None, 'cmake_target_skip_unavailable': False, 'install_base': '/home/thirawat/Mikant/mikant_sim_ws/install/mikant_sim', 'merge_install': False, 'path': '/home/thirawat/Mikant/mikant_sim_ws/src/mikant_sim', 'symlink_install': False, 'test_result_base': None}
[0.238s] INFO:colcon.colcon_core.executor:Executing jobs using 'parallel' executor
[0.242s] DEBUG:colcon.colcon_parallel_executor.executor.parallel:run_until_complete
[0.242s] INFO:colcon.colcon_ros.task.ament_python.build:Building ROS package in '/home/thirawat/Mikant/mikant_sim_ws/src/mikant_description' with build type 'ament_python'
[0.242s] Level 1:colcon.colcon_core.shell:create_environment_hook('mikant_description', 'ament_prefix_path')
[0.246s] INFO:colcon.colcon_core.plugin_system:Skipping extension 'colcon_core.shell.bat': Not used on non-Windows systems
[0.246s] INFO:colcon.colcon_core.shell:Creating environment hook '/home/thirawat/Mikant/mikant_sim_ws/install/mikant_description/share/mikant_description/hook/ament_prefix_path.ps1'
[0.246s] INFO:colcon.colcon_core.shell:Creating environment descriptor '/home/thirawat/Mikant/mikant_sim_ws/install/mikant_description/share/mikant_description/hook/ament_prefix_path.dsv'
[0.247s] INFO:colcon.colcon_core.shell:Creating environment hook '/home/thirawat/Mikant/mikant_sim_ws/install/mikant_description/share/mikant_description/hook/ament_prefix_path.sh'
[0.248s] INFO:colcon.colcon_core.shell:Skip shell extension 'powershell' for command environment: Not usable outside of PowerShell
[0.248s] DEBUG:colcon.colcon_core.shell:Skip shell extension 'dsv' for command environment
[0.256s] INFO:colcon.colcon_ros.task.ament_cmake.build:Building ROS package in '/home/thirawat/Mikant/mikant_sim_ws/src/mikant_gazebo_plugins' with build type 'ament_cmake'
[0.256s] INFO:colcon.colcon_cmake.task.cmake.build:Building CMake package in '/home/thirawat/Mikant/mikant_sim_ws/src/mikant_gazebo_plugins'
[0.258s] INFO:colcon.colcon_core.shell:Skip shell extension 'powershell' for command environment: Not usable outside of PowerShell
[0.258s] DEBUG:colcon.colcon_core.shell:Skip shell extension 'dsv' for command environment
[0.266s] INFO:colcon.colcon_ros.task.ament_python.build:Building ROS package in '/home/thirawat/Mikant/mikant_sim_ws/src/mikant_sim' with build type 'ament_python'
[0.267s] Level 1:colcon.colcon_core.shell:create_environment_hook('mikant_sim', 'ament_prefix_path')
[0.268s] INFO:colcon.colcon_core.shell:Creating environment hook '/home/thirawat/Mikant/mikant_sim_ws/install/mikant_sim/share/mikant_sim/hook/ament_prefix_path.ps1'
[0.269s] INFO:colcon.colcon_core.shell:Creating environment descriptor '/home/thirawat/Mikant/mikant_sim_ws/install/mikant_sim/share/mikant_sim/hook/ament_prefix_path.dsv'
[0.269s] INFO:colcon.colcon_core.shell:Creating environment hook '/home/thirawat/Mikant/mikant_sim_ws/install/mikant_sim/share/mikant_sim/hook/ament_prefix_path.sh'
[0.271s] INFO:colcon.colcon_core.shell:Skip shell extension 'powershell' for command environment: Not usable outside of PowerShell
[0.271s] DEBUG:colcon.colcon_core.shell:Skip shell extension 'dsv' for command environment
[0.468s] INFO:colcon.colcon_core.task.python.build:Building Python package in '/home/thirawat/Mikant/mikant_sim_ws/src/mikant_description'
[0.470s] INFO:colcon.colcon_core.shell:Skip shell extension 'powershell' for command environment: Not usable outside of PowerShell
[0.470s] DEBUG:colcon.colcon_core.shell:Skip shell extension 'dsv' for command environment
[0.480s] DEBUG:colcon.colcon_core.event_handler.log_command:Invoking command in '/home/thirawat/Mikant/mikant_sim_ws/build/mikant_gazebo_plugins': CMAKE_PREFIX_PATH=${CMAKE_PREFIX_PATH}:/home/thirawat/sailboat_ws/install/warehouse_robot_spawner_pkg:/home/thirawat/sailboat_ws/install/Catamaran_Sailboat_description:/home/thirawat/ros2_ws/install/urdf_tutorial_r2d2:/home/thirawat/ros2_ws/install/turtlesim_catch_them_all:/home/thirawat/ros2_ws/install/opencv_tests:/home/thirawat/ros2_ws/install/my_py_pkg:/opt/ros/foxy /usr/bin/cmake /home/thirawat/Mikant/mikant_sim_ws/src/mikant_gazebo_plugins -DCMAKE_INSTALL_PREFIX=/home/thirawat/Mikant/mikant_sim_ws/install/mikant_gazebo_plugins
[0.678s] INFO:colcon.colcon_core.task.python.build:Building Python package in '/home/thirawat/Mikant/mikant_sim_ws/src/mikant_sim'
[0.680s] INFO:colcon.colcon_core.shell:Skip shell extension 'powershell' for command environment: Not usable outside of PowerShell
[0.680s] DEBUG:colcon.colcon_core.shell:Skip shell extension 'dsv' for command environment
[1.005s] DEBUG:colcon.colcon_core.event_handler.log_command:Invoking command in '/home/thirawat/Mikant/mikant_sim_ws/src/mikant_description': PYTHONPATH=/home/thirawat/Mikant/mikant_sim_ws/build/mikant_description/prefix_override:/home/thirawat/Mikant/mikant_sim_ws/install/mikant_description/lib/python3.8/site-packages:${PYTHONPATH} /usr/bin/python3 setup.py egg_info --egg-base ../../build/mikant_description build --build-base /home/thirawat/Mikant/mikant_sim_ws/build/mikant_description/build install --record /home/thirawat/Mikant/mikant_sim_ws/build/mikant_description/install.log --single-version-externally-managed
[1.010s] DEBUG:colcon.colcon_core.event_handler.log_command:Invoking command in '/home/thirawat/Mikant/mikant_sim_ws/src/mikant_sim': PYTHONPATH=/home/thirawat/Mikant/mikant_sim_ws/build/mikant_sim/prefix_override:/home/thirawat/Mikant/mikant_sim_ws/install/mikant_sim/lib/python3.8/site-packages:${PYTHONPATH} /usr/bin/python3 setup.py egg_info --egg-base ../../build/mikant_sim build --build-base /home/thirawat/Mikant/mikant_sim_ws/build/mikant_sim/build install --record /home/thirawat/Mikant/mikant_sim_ws/build/mikant_sim/install.log --single-version-externally-managed
[1.251s] DEBUG:colcon.colcon_core.event_handler.log_command:Invoked command in '/home/thirawat/Mikant/mikant_sim_ws/src/mikant_sim' returned '0': PYTHONPATH=/home/thirawat/Mikant/mikant_sim_ws/build/mikant_sim/prefix_override:/home/thirawat/Mikant/mikant_sim_ws/install/mikant_sim/lib/python3.8/site-packages:${PYTHONPATH} /usr/bin/python3 setup.py egg_info --egg-base ../../build/mikant_sim build --build-base /home/thirawat/Mikant/mikant_sim_ws/build/mikant_sim/build install --record /home/thirawat/Mikant/mikant_sim_ws/build/mikant_sim/install.log --single-version-externally-managed
[1.255s] Level 1:colcon.colcon_core.environment:checking '/home/thirawat/Mikant/mikant_sim_ws/install/mikant_sim' for CMake module files
[1.255s] Level 1:colcon.colcon_core.environment:checking '/home/thirawat/Mikant/mikant_sim_ws/install/mikant_sim' for CMake config files
[1.256s] Level 1:colcon.colcon_core.environment:checking '/home/thirawat/Mikant/mikant_sim_ws/install/mikant_sim/lib'
[1.256s] Level 1:colcon.colcon_core.environment:checking '/home/thirawat/Mikant/mikant_sim_ws/install/mikant_sim/bin'
[1.256s] Level 1:colcon.colcon_core.environment:checking '/home/thirawat/Mikant/mikant_sim_ws/install/mikant_sim/lib/pkgconfig/mikant_sim.pc'
[1.256s] Level 1:colcon.colcon_core.environment:checking '/home/thirawat/Mikant/mikant_sim_ws/install/mikant_sim/lib/python3.8/site-packages'
[1.256s] Level 1:colcon.colcon_core.shell:create_environment_hook('mikant_sim', 'pythonpath')
[1.257s] INFO:colcon.colcon_core.shell:Creating environment hook '/home/thirawat/Mikant/mikant_sim_ws/install/mikant_sim/share/mikant_sim/hook/pythonpath.ps1'
[1.258s] INFO:colcon.colcon_core.shell:Creating environment descriptor '/home/thirawat/Mikant/mikant_sim_ws/install/mikant_sim/share/mikant_sim/hook/pythonpath.dsv'
[1.258s] INFO:colcon.colcon_core.shell:Creating environment hook '/home/thirawat/Mikant/mikant_sim_ws/install/mikant_sim/share/mikant_sim/hook/pythonpath.sh'
[1.258s] Level 1:colcon.colcon_core.environment:checking '/home/thirawat/Mikant/mikant_sim_ws/install/mikant_sim/bin'
[1.258s] Level 1:colcon.colcon_core.environment:create_environment_scripts_only(mikant_sim)
[1.259s] INFO:colcon.colcon_core.shell:Creating package script '/home/thirawat/Mikant/mikant_sim_ws/install/mikant_sim/share/mikant_sim/package.ps1'
[1.260s] INFO:colcon.colcon_core.shell:Creating package descriptor '/home/thirawat/Mikant/mikant_sim_ws/install/mikant_sim/share/mikant_sim/package.dsv'
[1.261s] INFO:colcon.colcon_core.shell:Creating package script '/home/thirawat/Mikant/mikant_sim_ws/install/mikant_sim/share/mikant_sim/package.sh'
[1.261s] INFO:colcon.colcon_core.shell:Creating package script '/home/thirawat/Mikant/mikant_sim_ws/install/mikant_sim/share/mikant_sim/package.bash'
[1.262s] INFO:colcon.colcon_core.shell:Creating package script '/home/thirawat/Mikant/mikant_sim_ws/install/mikant_sim/share/mikant_sim/package.zsh'
[1.262s] Level 1:colcon.colcon_core.environment:create_file_with_runtime_dependencies(/home/thirawat/Mikant/mikant_sim_ws/install/mikant_sim/share/colcon-core/packages/mikant_sim)
[1.265s] Level 1:colcon.colcon_core.environment:checking '/home/thirawat/Mikant/mikant_sim_ws/install/mikant_description' for CMake module files
[1.266s] DEBUG:colcon.colcon_core.event_handler.log_command:Invoked command in '/home/thirawat/Mikant/mikant_sim_ws/src/mikant_description' returned '0': PYTHONPATH=/home/thirawat/Mikant/mikant_sim_ws/build/mikant_description/prefix_override:/home/thirawat/Mikant/mikant_sim_ws/install/mikant_description/lib/python3.8/site-packages:${PYTHONPATH} /usr/bin/python3 setup.py egg_info --egg-base ../../build/mikant_description build --build-base /home/thirawat/Mikant/mikant_sim_ws/build/mikant_description/build install --record /home/thirawat/Mikant/mikant_sim_ws/build/mikant_description/install.log --single-version-externally-managed
[1.266s] Level 1:colcon.colcon_core.environment:checking '/home/thirawat/Mikant/mikant_sim_ws/install/mikant_description' for CMake config files
[1.266s] Level 1:colcon.colcon_core.environment:checking '/home/thirawat/Mikant/mikant_sim_ws/install/mikant_description/lib'
[1.266s] Level 1:colcon.colcon_core.environment:checking '/home/thirawat/Mikant/mikant_sim_ws/install/mikant_description/bin'
[1.266s] Level 1:colcon.colcon_core.environment:checking '/home/thirawat/Mikant/mikant_sim_ws/install/mikant_description/lib/pkgconfig/mikant_description.pc'
[1.266s] Level 1:colcon.colcon_core.environment:checking '/home/thirawat/Mikant/mikant_sim_ws/install/mikant_description/lib/python3.8/site-packages'
[1.266s] Level 1:colcon.colcon_core.shell:create_environment_hook('mikant_description', 'pythonpath')
[1.268s] INFO:colcon.colcon_core.shell:Creating environment hook '/home/thirawat/Mikant/mikant_sim_ws/install/mikant_description/share/mikant_description/hook/pythonpath.ps1'
[1.268s] INFO:colcon.colcon_core.shell:Creating environment descriptor '/home/thirawat/Mikant/mikant_sim_ws/install/mikant_description/share/mikant_description/hook/pythonpath.dsv'
[1.268s] INFO:colcon.colcon_core.shell:Creating environment hook '/home/thirawat/Mikant/mikant_sim_ws/install/mikant_description/share/mikant_description/hook/pythonpath.sh'
[1.269s] Level 1:colcon.colcon_core.environment:checking '/home/thirawat/Mikant/mikant_sim_ws/install/mikant_description/bin'
[1.269s] Level 1:colcon.colcon_core.environment:create_environment_scripts_only(mikant_description)
[1.270s] INFO:colcon.colcon_core.shell:Creating package script '/home/thirawat/Mikant/mikant_sim_ws/install/mikant_description/share/mikant_description/package.ps1'
[1.270s] INFO:colcon.colcon_core.shell:Creating package descriptor '/home/thirawat/Mikant/mikant_sim_ws/install/mikant_description/share/mikant_description/package.dsv'
[1.270s] INFO:colcon.colcon_core.shell:Creating package script '/home/thirawat/Mikant/mikant_sim_ws/install/mikant_description/share/mikant_description/package.sh'
[1.271s] INFO:colcon.colcon_core.shell:Creating package script '/home/thirawat/Mikant/mikant_sim_ws/install/mikant_description/share/mikant_description/package.bash'
[1.271s] INFO:colcon.colcon_core.shell:Creating package script '/home/thirawat/Mikant/mikant_sim_ws/install/mikant_description/share/mikant_description/package.zsh'
[1.271s] Level 1:colcon.colcon_core.environment:create_file_with_runtime_dependencies(/home/thirawat/Mikant/mikant_sim_ws/install/mikant_description/share/colcon-core/packages/mikant_description)
[3.322s] DEBUG:colcon.colcon_core.event_handler.log_command:Invoked command in '/home/thirawat/Mikant/mikant_sim_ws/build/mikant_gazebo_plugins' returned '0': CMAKE_PREFIX_PATH=${CMAKE_PREFIX_PATH}:/home/thirawat/sailboat_ws/install/warehouse_robot_spawner_pkg:/home/thirawat/sailboat_ws/install/Catamaran_Sailboat_description:/home/thirawat/ros2_ws/install/urdf_tutorial_r2d2:/home/thirawat/ros2_ws/install/turtlesim_catch_them_all:/home/thirawat/ros2_ws/install/opencv_tests:/home/thirawat/ros2_ws/install/my_py_pkg:/opt/ros/foxy /usr/bin/cmake /home/thirawat/Mikant/mikant_sim_ws/src/mikant_gazebo_plugins -DCMAKE_INSTALL_PREFIX=/home/thirawat/Mikant/mikant_sim_ws/install/mikant_gazebo_plugins
[3.325s] DEBUG:colcon.colcon_core.event_handler.log_command:Invoking command in '/home/thirawat/Mikant/mikant_sim_ws/build/mikant_gazebo_plugins': CMAKE_PREFIX_PATH=${CMAKE_PREFIX_PATH}:/home/thirawat/sailboat_ws/install/warehouse_robot_spawner_pkg:/home/thirawat/sailboat_ws/install/Catamaran_Sailboat_description:/home/thirawat/ros2_ws/install/urdf_tutorial_r2d2:/home/thirawat/ros2_ws/install/turtlesim_catch_them_all:/home/thirawat/ros2_ws/install/opencv_tests:/home/thirawat/ros2_ws/install/my_py_pkg:/opt/ros/foxy /usr/bin/cmake --build /home/thirawat/Mikant/mikant_sim_ws/build/mikant_gazebo_plugins -- -j4 -l4
[12.379s] DEBUG:colcon.colcon_core.event_handler.log_command:Invoked command in '/home/thirawat/Mikant/mikant_sim_ws/build/mikant_gazebo_plugins' returned '0': CMAKE_PREFIX_PATH=${CMAKE_PREFIX_PATH}:/home/thirawat/sailboat_ws/install/warehouse_robot_spawner_pkg:/home/thirawat/sailboat_ws/install/Catamaran_Sailboat_description:/home/thirawat/ros2_ws/install/urdf_tutorial_r2d2:/home/thirawat/ros2_ws/install/turtlesim_catch_them_all:/home/thirawat/ros2_ws/install/opencv_tests:/home/thirawat/ros2_ws/install/my_py_pkg:/opt/ros/foxy /usr/bin/cmake --build /home/thirawat/Mikant/mikant_sim_ws/build/mikant_gazebo_plugins -- -j4 -l4
[12.410s] DEBUG:colcon.colcon_core.event_handler.log_command:Invoking command in '/home/thirawat/Mikant/mikant_sim_ws/build/mikant_gazebo_plugins': CMAKE_PREFIX_PATH=${CMAKE_PREFIX_PATH}:/home/thirawat/sailboat_ws/install/warehouse_robot_spawner_pkg:/home/thirawat/sailboat_ws/install/Catamaran_Sailboat_description:/home/thirawat/ros2_ws/install/urdf_tutorial_r2d2:/home/thirawat/ros2_ws/install/turtlesim_catch_them_all:/home/thirawat/ros2_ws/install/opencv_tests:/home/thirawat/ros2_ws/install/my_py_pkg:/opt/ros/foxy /usr/bin/cmake --install /home/thirawat/Mikant/mikant_sim_ws/build/mikant_gazebo_plugins
[12.422s] Level 1:colcon.colcon_core.environment:create_environment_scripts_only(mikant_gazebo_plugins)
[12.424s] Level 1:colcon.colcon_core.environment:checking '/home/thirawat/Mikant/mikant_sim_ws/install/mikant_gazebo_plugins' for CMake module files
[12.425s] DEBUG:colcon.colcon_core.event_handler.log_command:Invoked command in '/home/thirawat/Mikant/mikant_sim_ws/build/mikant_gazebo_plugins' returned '0': CMAKE_PREFIX_PATH=${CMAKE_PREFIX_PATH}:/home/thirawat/sailboat_ws/install/warehouse_robot_spawner_pkg:/home/thirawat/sailboat_ws/install/Catamaran_Sailboat_description:/home/thirawat/ros2_ws/install/urdf_tutorial_r2d2:/home/thirawat/ros2_ws/install/turtlesim_catch_them_all:/home/thirawat/ros2_ws/install/opencv_tests:/home/thirawat/ros2_ws/install/my_py_pkg:/opt/ros/foxy /usr/bin/cmake --install /home/thirawat/Mikant/mikant_sim_ws/build/mikant_gazebo_plugins
[12.425s] Level 1:colcon.colcon_core.environment:checking '/home/thirawat/Mikant/mikant_sim_ws/install/mikant_gazebo_plugins' for CMake config files
[12.425s] Level 1:colcon.colcon_core.shell:create_environment_hook('mikant_gazebo_plugins', 'cmake_prefix_path')
[12.426s] INFO:colcon.colcon_core.shell:Creating environment hook '/home/thirawat/Mikant/mikant_sim_ws/install/mikant_gazebo_plugins/share/mikant_gazebo_plugins/hook/cmake_prefix_path.ps1'
[12.427s] INFO:colcon.colcon_core.shell:Creating environment descriptor '/home/thirawat/Mikant/mikant_sim_ws/install/mikant_gazebo_plugins/share/mikant_gazebo_plugins/hook/cmake_prefix_path.dsv'
[12.427s] INFO:colcon.colcon_core.shell:Creating environment hook '/home/thirawat/Mikant/mikant_sim_ws/install/mikant_gazebo_plugins/share/mikant_gazebo_plugins/hook/cmake_prefix_path.sh'
[12.427s] Level 1:colcon.colcon_core.environment:checking '/home/thirawat/Mikant/mikant_sim_ws/install/mikant_gazebo_plugins/bin'
[12.427s] Level 1:colcon.colcon_core.environment:checking '/home/thirawat/Mikant/mikant_sim_ws/install/mikant_gazebo_plugins/lib/pkgconfig/mikant_gazebo_plugins.pc'
[12.428s] Level 1:colcon.colcon_core.environment:checking '/home/thirawat/Mikant/mikant_sim_ws/install/mikant_gazebo_plugins/lib/python3.8/site-packages'
[12.428s] Level 1:colcon.colcon_core.environment:checking '/home/thirawat/Mikant/mikant_sim_ws/install/mikant_gazebo_plugins/bin'
[12.429s] INFO:colcon.colcon_core.shell:Creating package script '/home/thirawat/Mikant/mikant_sim_ws/install/mikant_gazebo_plugins/share/mikant_gazebo_plugins/package.ps1'
[12.429s] INFO:colcon.colcon_core.shell:Creating package descriptor '/home/thirawat/Mikant/mikant_sim_ws/install/mikant_gazebo_plugins/share/mikant_gazebo_plugins/package.dsv'
[12.429s] INFO:colcon.colcon_core.shell:Creating package script '/home/thirawat/Mikant/mikant_sim_ws/install/mikant_gazebo_plugins/share/mikant_gazebo_plugins/package.sh'
[12.430s] INFO:colcon.colcon_core.shell:Creating package script '/home/thirawat/Mikant/mikant_sim_ws/install/mikant_gazebo_plugins/share/mikant_gazebo_plugins/package.bash'
[12.430s] INFO:colcon.colcon_core.shell:Creating package script '/home/thirawat/Mikant/mikant_sim_ws/install/mikant_gazebo_plugins/share/mikant_gazebo_plugins/package.zsh'
[12.430s] Level 1:colcon.colcon_core.environment:create_file_with_runtime_dependencies(/home/thirawat/Mikant/mikant_sim_ws/install/mikant_gazebo_plugins/share/colcon-core/packages/mikant_gazebo_plugins)
[12.453s] Level 1:colcon.colcon_core.environment:create_environment_scripts_only(mikant_gazebo_plugins)
[12.455s] Level 1:colcon.colcon_core.environment:checking '/home/thirawat/Mikant/mikant_sim_ws/install/mikant_gazebo_plugins' for CMake module files
[12.455s] Level 1:colcon.colcon_core.environment:checking '/home/thirawat/Mikant/mikant_sim_ws/install/mikant_gazebo_plugins' for CMake config files
[12.455s] Level 1:colcon.colcon_core.shell:create_environment_hook('mikant_gazebo_plugins', 'cmake_prefix_path')
[12.456s] INFO:colcon.colcon_core.shell:Creating environment hook '/home/thirawat/Mikant/mikant_sim_ws/install/mikant_gazebo_plugins/share/mikant_gazebo_plugins/hook/cmake_prefix_path.ps1'
[12.457s] INFO:colcon.colcon_core.shell:Creating environment descriptor '/home/thirawat/Mikant/mikant_sim_ws/install/mikant_gazebo_plugins/share/mikant_gazebo_plugins/hook/cmake_prefix_path.dsv'
[12.457s] INFO:colcon.colcon_core.shell:Creating environment hook '/home/thirawat/Mikant/mikant_sim_ws/install/mikant_gazebo_plugins/share/mikant_gazebo_plugins/hook/cmake_prefix_path.sh'
[12.457s] Level 1:colcon.colcon_core.environment:checking '/home/thirawat/Mikant/mikant_sim_ws/install/mikant_gazebo_plugins/bin'
[12.457s] Level 1:colcon.colcon_core.environment:checking '/home/thirawat/Mikant/mikant_sim_ws/install/mikant_gazebo_plugins/lib/pkgconfig/mikant_gazebo_plugins.pc'
[12.458s] Level 1:colcon.colcon_core.environment:checking '/home/thirawat/Mikant/mikant_sim_ws/install/mikant_gazebo_plugins/lib/python3.8/site-packages'
[12.458s] Level 1:colcon.colcon_core.environment:checking '/home/thirawat/Mikant/mikant_sim_ws/install/mikant_gazebo_plugins/bin'
[12.459s] INFO:colcon.colcon_core.shell:Creating package script '/home/thirawat/Mikant/mikant_sim_ws/install/mikant_gazebo_plugins/share/mikant_gazebo_plugins/package.ps1'
[12.459s] INFO:colcon.colcon_core.shell:Creating package descriptor '/home/thirawat/Mikant/mikant_sim_ws/install/mikant_gazebo_plugins/share/mikant_gazebo_plugins/package.dsv'
[12.460s] INFO:colcon.colcon_core.shell:Creating package script '/home/thirawat/Mikant/mikant_sim_ws/install/mikant_gazebo_plugins/share/mikant_gazebo_plugins/package.sh'
[12.460s] INFO:colcon.colcon_core.shell:Creating package script '/home/thirawat/Mikant/mikant_sim_ws/install/mikant_gazebo_plugins/share/mikant_gazebo_plugins/package.bash'
[12.460s] INFO:colcon.colcon_core.shell:Creating package script '/home/thirawat/Mikant/mikant_sim_ws/install/mikant_gazebo_plugins/share/mikant_gazebo_plugins/package.zsh'
[12.461s] Level 1:colcon.colcon_core.environment:create_file_with_runtime_dependencies(/home/thirawat/Mikant/mikant_sim_ws/install/mikant_gazebo_plugins/share/colcon-core/packages/mikant_gazebo_plugins)
[12.461s] DEBUG:colcon.colcon_parallel_executor.executor.parallel:closing loop
[12.461s] DEBUG:colcon.colcon_parallel_executor.executor.parallel:loop closed
[12.461s] DEBUG:colcon.colcon_parallel_executor.executor.parallel:run_until_complete finished with '0'
[12.461s] DEBUG:colcon.colcon_core.event_reactor:joining thread
[12.468s] INFO:colcon.colcon_core.plugin_system:Skipping extension 'colcon_notification.desktop_notification.terminal_notifier': Not used on non-Darwin systems
[12.468s] INFO:colcon.colcon_core.plugin_system:Skipping extension 'colcon_notification.desktop_notification.win32': Not used on non-Windows systems
[12.468s] INFO:colcon.colcon_notification.desktop_notification:Sending desktop notification using 'notify2'
[12.481s] DEBUG:colcon.colcon_core.event_reactor:joined thread
[12.483s] INFO:colcon.colcon_core.shell:Creating prefix script '/home/thirawat/Mikant/mikant_sim_ws/install/local_setup.ps1'
[12.483s] INFO:colcon.colcon_core.shell:Creating prefix util module '/home/thirawat/Mikant/mikant_sim_ws/install/_local_setup_util_ps1.py'
[12.484s] INFO:colcon.colcon_core.shell:Creating prefix chain script '/home/thirawat/Mikant/mikant_sim_ws/install/setup.ps1'
[12.486s] INFO:colcon.colcon_core.shell:Creating prefix script '/home/thirawat/Mikant/mikant_sim_ws/install/local_setup.sh'
[12.487s] INFO:colcon.colcon_core.shell:Creating prefix util module '/home/thirawat/Mikant/mikant_sim_ws/install/_local_setup_util_sh.py'
[12.487s] INFO:colcon.colcon_core.shell:Creating prefix chain script '/home/thirawat/Mikant/mikant_sim_ws/install/setup.sh'
[12.489s] INFO:colcon.colcon_core.shell:Creating prefix script '/home/thirawat/Mikant/mikant_sim_ws/install/local_setup.bash'
[12.490s] INFO:colcon.colcon_core.shell:Creating prefix chain script '/home/thirawat/Mikant/mikant_sim_ws/install/setup.bash'
[12.492s] INFO:colcon.colcon_core.shell:Creating prefix script '/home/thirawat/Mikant/mikant_sim_ws/install/local_setup.zsh'
[12.493s] INFO:colcon.colcon_core.shell:Creating prefix chain script '/home/thirawat/Mikant/mikant_sim_ws/install/setup.zsh'
