[0.218s] Invoking command in '/home/thirawat/Mikant/mikant_sim_ws/build/mikant_gazebo_plugins': CMAKE_PREFIX_PATH=${CMAKE_PREFIX_PATH}:/home/thirawat/sailboat_ws/install/warehouse_robot_spawner_pkg:/home/thirawat/sailboat_ws/install/Catamaran_Sailboat_description:/home/thirawat/ros2_ws/install/urdf_tutorial_r2d2:/home/thirawat/ros2_ws/install/turtlesim_catch_them_all:/home/thirawat/ros2_ws/install/opencv_tests:/home/thirawat/ros2_ws/install/my_py_pkg:/opt/ros/foxy /usr/bin/cmake --build /home/thirawat/Mikant/mikant_sim_ws/build/mikant_gazebo_plugins -- -j4 -l4
[0.461s] -- Found ament_cmake: 0.9.11 (/opt/ros/foxy/share/ament_cmake/cmake)
[0.461s] -- Using PYTHON_EXECUTABLE: /usr/bin/python3
[0.509s] -- Found DART: /usr/include (Required is at least version "6.6") found components: dart 
[0.546s] -- Found Protobuf: /usr/lib/x86_64-linux-gnu/libprotobuf.so;-lpthread (found version "3.6.1") 
[0.548s] -- Looking for ignition-math6 -- found version 6.13.0
[0.553s] -- Searching for dependencies of ignition-math6
[0.554s] -- Looking for OGRE...
[0.560s] -- Found Ogre Ghadamon (1.9.0)
[0.560s] -- Found OGRE: optimized;/usr/lib/x86_64-linux-gnu/libOgreMain.so;debug;/usr/lib/x86_64-linux-gnu/libOgreMain.so
[0.571s] -- Looking for OGRE_Paging...
[0.571s] -- Found OGRE_Paging: optimized;/usr/lib/x86_64-linux-gnu/libOgrePaging.so;debug;/usr/lib/x86_64-linux-gnu/libOgrePaging.so
[0.572s] -- Looking for OGRE_Terrain...
[0.572s] -- Found OGRE_Terrain: optimized;/usr/lib/x86_64-linux-gnu/libOgreTerrain.so;debug;/usr/lib/x86_64-linux-gnu/libOgreTerrain.so
[0.572s] -- Looking for OGRE_Property...
[0.572s] -- Found OGRE_Property: optimized;/usr/lib/x86_64-linux-gnu/libOgreProperty.so;debug;/usr/lib/x86_64-linux-gnu/libOgreProperty.so
[0.572s] -- Looking for OGRE_RTShaderSystem...
[0.572s] -- Found OGRE_RTShaderSystem: optimized;/usr/lib/x86_64-linux-gnu/libOgreRTShaderSystem.so;debug;/usr/lib/x86_64-linux-gnu/libOgreRTShaderSystem.so
[0.572s] -- Looking for OGRE_Volume...
[0.572s] -- Found OGRE_Volume: optimized;/usr/lib/x86_64-linux-gnu/libOgreVolume.so;debug;/usr/lib/x86_64-linux-gnu/libOgreVolume.so
[0.573s] -- Looking for OGRE_Overlay...
[0.573s] -- Found OGRE_Overlay: optimized;/usr/lib/x86_64-linux-gnu/libOgreOverlay.so;debug;/usr/lib/x86_64-linux-gnu/libOgreOverlay.so
[0.746s] -- Looking for ignition-math6 -- found version 6.13.0
[0.746s] -- Looking for ignition-transport8 -- found version 8.3.0
[0.746s] -- Searching for dependencies of ignition-transport8
[0.765s] -- Found Protobuf: /usr/lib/x86_64-linux-gnu/libprotobuf.so;-lpthread (found suitable version "3.6.1", minimum required is "3") 
[0.777s] -- Config-file not installed for ZeroMQ -- checking for pkg-config
[0.782s] -- Checking for module 'libzmq >= 4'
[0.799s] --   Found libzmq , version 4.3.2
[0.836s] -- Checking for module 'uuid'
[0.849s] --   Found uuid, version 2.34.0
[0.875s] -- Looking for ignition-msgs5 -- found version 5.10.0
[0.876s] -- Searching for dependencies of ignition-msgs5
[0.893s] -- Looking for ignition-math6 -- found version 6.13.0
[0.897s] -- Checking for module 'tinyxml2'
[0.911s] --   Found tinyxml2, version 6.2.0
[0.941s] -- Looking for ignition-msgs5 -- found version 5.10.0
[0.941s] -- Looking for ignition-common3 -- found version 3.14.2
[0.941s] -- Searching for dependencies of ignition-common3
[0.941s] -- Looking for dlfcn.h - found
[0.941s] -- Looking for libdl - found
[0.950s] -- Searching for <ignition-common3> component [graphics]
[0.951s] -- Looking for ignition-common3-graphics -- found version 3.14.2
[0.951s] -- Searching for dependencies of ignition-common3-graphics
[0.951s] -- Looking for ignition-math6 -- found version 6.13.0
[0.953s] -- Looking for ignition-fuel_tools4 -- found version 4.6.0
[0.953s] -- Searching for dependencies of ignition-fuel_tools4
[0.978s] -- Checking for module 'jsoncpp'
[0.992s] --   Found jsoncpp, version 1.7.4
[1.026s] -- Checking for module 'libzip'
[1.039s] --   Found libzip, version 1.5.1
[1.066s] -- Looking for ignition-common3 -- found version 3.14.2
[1.066s] -- Looking for ignition-math6 -- found version 6.13.0
[1.067s] -- Looking for ignition-msgs5 -- found version 5.10.0
[1.068s] -- Found gazebo_ros: 3.5.3 (/home/thirawat/ros2_ws/install/gazebo_ros/share/gazebo_ros/cmake)
[1.095s] -- Using all available rosidl_typesupport_c: rosidl_typesupport_fastrtps_c;rosidl_typesupport_introspection_c
[1.098s] -- Found rosidl_adapter: 1.3.0 (/opt/ros/foxy/share/rosidl_adapter/cmake)
[1.205s] -- Using all available rosidl_typesupport_cpp: rosidl_typesupport_fastrtps_cpp;rosidl_typesupport_introspection_cpp
[1.245s] -- Found rmw_implementation_cmake: 1.0.3 (/opt/ros/foxy/share/rmw_implementation_cmake/cmake)
[1.247s] -- Using RMW implementation 'rmw_fastrtps_cpp' as default
[1.370s] -- Gazebo version: 11.11
[1.399s] -- Found ament_lint_auto: 0.9.7 (/opt/ros/foxy/share/ament_lint_auto/cmake)
[1.484s] -- Added test 'copyright' to check source files copyright and LICENSE
[1.485s] -- Added test 'cppcheck' to perform static code analysis on C / C++ code
[1.486s] -- Configured cppcheck include dirs: $<BUILD_INTERFACE:/home/thirawat/Mikant/mikant_sim_ws/src/mikant_gazebo_plugins/include>
[1.486s] -- Configured cppcheck exclude dirs and/or files: 
[1.487s] -- Added test 'cpplint' to check C / C++ code against the Google style
[1.487s] -- Configured cpplint exclude dirs and/or files: 
[1.488s] -- Added test 'lint_cmake' to check CMake code style
[1.490s] -- Added test 'uncrustify' to check C / C++ code style
[1.490s] -- Configured uncrustify additional arguments: 
[1.491s] -- Added test 'xmllint' to check XML markup files
[1.495s] -- Configuring done
[1.559s] -- Generating done
[1.560s] -- Build files have been written to: /home/thirawat/Mikant/mikant_sim_ws/build/mikant_gazebo_plugins
[1.582s] [35m[1mScanning dependencies of target buoyancy_force_plugin[0m
[1.811s] [ 50%] [32mBuilding CXX object CMakeFiles/buoyancy_force_plugin.dir/src/buoyancy_force_plugin.cc.o[0m
[7.702s] [01m[K/home/thirawat/Mikant/mikant_sim_ws/src/mikant_gazebo_plugins/src/buoyancy_force_plugin.cc:7:1:[m[K [01;31m[Kerror: [m[Kversion control conflict marker in file
[7.702s]     7 | [01;31m[K<<<<<<<[m[K HEAD
[7.702s]       | [01;31m[K^~~~~~~[m[K
[7.702s] In file included from [01m[K/home/thirawat/Mikant/mikant_sim_ws/src/mikant_gazebo_plugins/src/buoyancy_force_plugin.cc:13[m[K:
[7.702s] [01m[K/home/thirawat/Mikant/mikant_sim_ws/src/mikant_gazebo_plugins/include/mikant_gazebo_plugins/buoyancy_force_plugin.hh:65:1:[m[K [01;31m[Kerror: [m[Kversion control conflict marker in file
[7.702s]    65 | [01;31m[K=======[m[K
[7.702s]       | [01;31m[K^~~~~~~[m[K
[7.702s] [01m[K/home/thirawat/Mikant/mikant_sim_ws/src/mikant_gazebo_plugins/include/mikant_gazebo_plugins/buoyancy_force_plugin.hh:83:1:[m[K [01;31m[Kerror: [m[Kexpected declaration before ‘[01m[K}[m[K’ token
[7.702s]    83 | [01;31m[K}[m[K
[7.702s]       | [01;31m[K^[m[K
[7.702s] [01m[K/home/thirawat/Mikant/mikant_sim_ws/src/mikant_gazebo_plugins/include/mikant_gazebo_plugins/buoyancy_force_plugin.hh:84:1:[m[K [01;31m[Kerror: [m[Kversion control conflict marker in file
[7.702s]    84 | [01;31m[K>>>>>>>[m[K f2c001edb7da6da0d969ae0caa1bafb3f913181c
[7.702s]       | [01;31m[K^~~~~~~[m[K
[9.043s] make[2]: *** [CMakeFiles/buoyancy_force_plugin.dir/build.make:63: CMakeFiles/buoyancy_force_plugin.dir/src/buoyancy_force_plugin.cc.o] Error 1
[9.043s] make[1]: *** [CMakeFiles/Makefile2:78: CMakeFiles/buoyancy_force_plugin.dir/all] Error 2
[9.043s] make: *** [Makefile:141: all] Error 2
[9.045s] Invoked command in '/home/thirawat/Mikant/mikant_sim_ws/build/mikant_gazebo_plugins' returned '2': CMAKE_PREFIX_PATH=${CMAKE_PREFIX_PATH}:/home/thirawat/sailboat_ws/install/warehouse_robot_spawner_pkg:/home/thirawat/sailboat_ws/install/Catamaran_Sailboat_description:/home/thirawat/ros2_ws/install/urdf_tutorial_r2d2:/home/thirawat/ros2_ws/install/turtlesim_catch_them_all:/home/thirawat/ros2_ws/install/opencv_tests:/home/thirawat/ros2_ws/install/my_py_pkg:/opt/ros/foxy /usr/bin/cmake --build /home/thirawat/Mikant/mikant_sim_ws/build/mikant_gazebo_plugins -- -j4 -l4
