[35m[1mScanning dependencies of target buoyancy_force_plugin[0m
[ 50%] [32mBuilding CXX object CMakeFiles/buoyancy_force_plugin.dir/src/buoyancy_force_plugin.cc.o[0m
[01m[K/home/thirawat/Mikant/mikant_sim_ws/src/mikant_gazebo_plugins/src/buoyancy_force_plugin.cc:121:2:[m[K [01;31m[Kerror: [m[Kstray ‘[01m[K#[m[K’ in program
  121 | }[01;31m[K#[m[Kinclude <functional>
      |  [01;31m[K^[m[K
[01m[K/home/thirawat/Mikant/mikant_sim_ws/src/mikant_gazebo_plugins/src/buoyancy_force_plugin.cc:121:3:[m[K [01;31m[Kerror: [m[K‘[01m[Kinclude[m[K’ does not name a type
  121 | }#[01;31m[Kinclude[m[K <functional>
      |   [01;31m[K^~~~~~~[m[K
[01m[K/home/thirawat/Mikant/mikant_sim_ws/src/mikant_gazebo_plugins/src/buoyancy_force_plugin.cc:135:3:[m[K [01;31m[Kerror: [m[Kredefinition of ‘[01m[Kbuoyancy_force_plugin::BuoyancyForcePlugin::BuoyancyForcePlugin()[m[K’
  135 |   [01;31m[KBuoyancyForcePlugin[m[K::BuoyancyForcePlugin()
      |   [01;31m[K^~~~~~~~~~~~~~~~~~~[m[K
[01m[K/home/thirawat/Mikant/mikant_sim_ws/src/mikant_gazebo_plugins/src/buoyancy_force_plugin.cc:15:3:[m[K [01;36m[Knote: [m[K‘[01m[Kbuoyancy_force_plugin::BuoyancyForcePlugin::BuoyancyForcePlugin()[m[K’ previously defined here
   15 |   [01;36m[KBuoyancyForcePlugin[m[K::BuoyancyForcePlugin()
      |   [01;36m[K^~~~~~~~~~~~~~~~~~~[m[K
[01m[K/home/thirawat/Mikant/mikant_sim_ws/src/mikant_gazebo_plugins/src/buoyancy_force_plugin.cc:142:8:[m[K [01;31m[Kerror: [m[Kredefinition of ‘[01m[Kvoid buoyancy_force_plugin::BuoyancyForcePlugin::Load(gazebo::physics::ModelPtr, sdf::v9::ElementPtr)[m[K’
  142 |   void [01;31m[KBuoyancyForcePlugin[m[K::Load(gazebo::physics::ModelPtr _model, sdf::ElementPtr _sdf)
      |        [01;31m[K^~~~~~~~~~~~~~~~~~~[m[K
[01m[K/home/thirawat/Mikant/mikant_sim_ws/src/mikant_gazebo_plugins/src/buoyancy_force_plugin.cc:22:8:[m[K [01;36m[Knote: [m[K‘[01m[Kvirtual void buoyancy_force_plugin::BuoyancyForcePlugin::Load(gazebo::physics::ModelPtr, sdf::v9::ElementPtr)[m[K’ previously defined here
   22 |   void [01;36m[KBuoyancyForcePlugin[m[K::Load(gazebo::physics::ModelPtr _model, sdf::ElementPtr _sdf)
      |        [01;36m[K^~~~~~~~~~~~~~~~~~~[m[K
[01m[K/home/thirawat/Mikant/mikant_sim_ws/src/mikant_gazebo_plugins/src/buoyancy_force_plugin.cc:169:8:[m[K [01;31m[Kerror: [m[Kredefinition of ‘[01m[Kvoid buoyancy_force_plugin::BuoyancyForcePlugin::OnUpdate()[m[K’
  169 |   void [01;31m[KBuoyancyForcePlugin[m[K::OnUpdate()
      |        [01;31m[K^~~~~~~~~~~~~~~~~~~[m[K
[01m[K/home/thirawat/Mikant/mikant_sim_ws/src/mikant_gazebo_plugins/src/buoyancy_force_plugin.cc:49:8:[m[K [01;36m[Knote: [m[K‘[01m[Kvoid buoyancy_force_plugin::BuoyancyForcePlugin::OnUpdate()[m[K’ previously defined here
   49 |   void [01;36m[KBuoyancyForcePlugin[m[K::OnUpdate()
      |        [01;36m[K^~~~~~~~~~~~~~~~~~~[m[K
In file included from [01m[K/usr/include/gazebo-11/gazebo/common/common.hh:36[m[K,
                 from [01m[K/usr/include/gazebo-11/gazebo/gazebo_core.hh:19[m[K,
                 from [01m[K/usr/include/gazebo-11/gazebo/gazebo.hh:20[m[K,
                 from [01m[K/home/thirawat/Mikant/mikant_sim_ws/src/mikant_gazebo_plugins/src/buoyancy_force_plugin.cc:2[m[K:
[01m[K/usr/include/gazebo-11/gazebo/common/Plugin.hh:457:24:[m[K [01;31m[Kerror: [m[Kredefinition of ‘[01m[Kgazebo::ModelPlugin* buoyancy_force_plugin::RegisterPlugin()[m[K’
  457 |   gazebo::ModelPlugin *[01;31m[KRegisterPlugin[m[K() \
      |                        [01;31m[K^~~~~~~~~~~~~~[m[K
[01m[K/usr/include/gazebo-11/gazebo/common/Plugin.hh:457:24:[m[K [01;36m[Knote: [m[Kin definition of macro ‘[01m[KGZ_REGISTER_MODEL_PLUGIN[m[K’
  457 |   gazebo::ModelPlugin *[01;36m[KRegisterPlugin[m[K() \
      |                        [01;36m[K^~~~~~~~~~~~~~[m[K
[01m[K/usr/include/gazebo-11/gazebo/common/Plugin.hh:457:24:[m[K [01;36m[Knote: [m[K‘[01m[Kgazebo::ModelPlugin* buoyancy_force_plugin::RegisterPlugin()[m[K’ previously defined here
  457 |   gazebo::ModelPlugin *[01;36m[KRegisterPlugin[m[K() \
      |                        [01;36m[K^~~~~~~~~~~~~~[m[K
[01m[K/usr/include/gazebo-11/gazebo/common/Plugin.hh:457:24:[m[K [01;36m[Knote: [m[Kin definition of macro ‘[01m[KGZ_REGISTER_MODEL_PLUGIN[m[K’
  457 |   gazebo::ModelPlugin *[01;36m[KRegisterPlugin[m[K() \
      |                        [01;36m[K^~~~~~~~~~~~~~[m[K
make[2]: *** [CMakeFiles/buoyancy_force_plugin.dir/build.make:63: CMakeFiles/buoyancy_force_plugin.dir/src/buoyancy_force_plugin.cc.o] Error 1
make[1]: *** [CMakeFiles/Makefile2:78: CMakeFiles/buoyancy_force_plugin.dir/all] Error 2
make: *** [Makefile:141: all] Error 2
